{"C:\\Users\\pc\\Work\\Operatingtheatre\\server\\src\\app.ts": {"path":"C:\\Users\\pc\\Work\\Operatingtheatre\\server\\src\\app.ts","statementMap":{"0":{"start":{"line":1,"column":0},"end":{"line":1,"column":30}},"1":{"start":{"line":2,"column":0},"end":{"line":2,"column":24}},"2":{"start":{"line":3,"column":0},"end":{"line":3,"column":39}},"3":{"start":{"line":4,"column":0},"end":{"line":4,"column":42}},"4":{"start":{"line":5,"column":0},"end":{"line":5,"column":42}},"5":{"start":{"line":6,"column":0},"end":{"line":6,"column":40}},"6":{"start":{"line":7,"column":0},"end":{"line":7,"column":43}},"7":{"start":{"line":8,"column":0},"end":{"line":8,"column":40}},"8":{"start":{"line":9,"column":0},"end":{"line":9,"column":44}},"9":{"start":{"line":10,"column":0},"end":{"line":10,"column":45}},"10":{"start":{"line":11,"column":0},"end":{"line":11,"column":47}},"11":{"start":{"line":12,"column":0},"end":{"line":12,"column":61}},"12":{"start":{"line":13,"column":0},"end":{"line":13,"column":55}},"13":{"start":{"line":15,"column":12},"end":{"line":15,"column":21}},"14":{"start":{"line":17,"column":0},"end":{"line":17,"column":16}},"15":{"start":{"line":18,"column":0},"end":{"line":18,"column":24}},"16":{"start":{"line":19,"column":0},"end":{"line":19,"column":25}},"17":{"start":{"line":22,"column":0},"end":{"line":24,"column":1}},"18":{"start":{"line":23,"column":2},"end":{"line":23,"column":31}},"19":{"start":{"line":26,"column":0},"end":{"line":26,"column":33}},"20":{"start":{"line":27,"column":0},"end":{"line":27,"column":36}},"21":{"start":{"line":28,"column":0},"end":{"line":28,"column":36}},"22":{"start":{"line":29,"column":0},"end":{"line":29,"column":34}},"23":{"start":{"line":30,"column":0},"end":{"line":30,"column":37}},"24":{"start":{"line":31,"column":0},"end":{"line":31,"column":34}},"25":{"start":{"line":32,"column":0},"end":{"line":32,"column":38}},"26":{"start":{"line":33,"column":0},"end":{"line":33,"column":39}},"27":{"start":{"line":34,"column":0},"end":{"line":34,"column":41}},"28":{"start":{"line":36,"column":0},"end":{"line":38,"column":3}},"29":{"start":{"line":37,"column":2},"end":{"line":37,"column":29}},"30":{"start":{"line":40,"column":0},"end":{"line":42,"column":3}},"31":{"start":{"line":41,"column":2},"end":{"line":41,"column":72}},"32":{"start":{"line":44,"column":0},"end":{"line":51,"column":3}},"33":{"start":{"line":45,"column":2},"end":{"line":45,"column":41}},"34":{"start":{"line":46,"column":2},"end":{"line":50,"column":5}},"35":{"start":{"line":53,"column":0},"end":{"line":53,"column":19}}},"fnMap":{"0":{"name":"(anonymous_1)","decl":{"start":{"line":36,"column":19},"end":{"line":36,"column":20}},"loc":{"start":{"line":36,"column":32},"end":{"line":38,"column":1}}},"1":{"name":"(anonymous_2)","decl":{"start":{"line":40,"column":8},"end":{"line":40,"column":9}},"loc":{"start":{"line":40,"column":21},"end":{"line":42,"column":1}}},"2":{"name":"(anonymous_3)","decl":{"start":{"line":44,"column":8},"end":{"line":44,"column":9}},"loc":{"start":{"line":44,"column":94},"end":{"line":51,"column":1}}}},"branchMap":{"0":{"loc":{"start":{"line":22,"column":0},"end":{"line":24,"column":1}},"type":"if","locations":[{"start":{"line":22,"column":0},"end":{"line":24,"column":1}}]},"1":{"loc":{"start":{"line":49,"column":13},"end":{"line":49,"column":77}},"type":"cond-expr","locations":[{"start":{"line":49,"column":54},"end":{"line":49,"column":65}},{"start":{"line":49,"column":68},"end":{"line":49,"column":77}}]}},"s":{"0":9,"1":9,"2":9,"3":9,"4":9,"5":9,"6":9,"7":9,"8":9,"9":9,"10":9,"11":9,"12":9,"13":9,"14":9,"15":9,"16":9,"17":9,"18":0,"19":9,"20":9,"21":9,"22":9,"23":9,"24":9,"25":9,"26":9,"27":9,"28":9,"29":0,"30":9,"31":0,"32":9,"33":0,"34":0,"35":9},"f":{"0":0,"1":0,"2":0},"b":{"0":[0],"1":[0,0]}}
,"C:\\Users\\pc\\Work\\Operatingtheatre\\server\\src\\controllers\\authController.ts": {"path":"C:\\Users\\pc\\Work\\Operatingtheatre\\server\\src\\controllers\\authController.ts","statementMap":{"0":{"start":{"line":2,"column":0},"end":{"line":2,"column":31}},"1":{"start":{"line":3,"column":0},"end":{"line":3,"column":38}},"2":{"start":{"line":4,"column":0},"end":{"line":4,"column":55}},"3":{"start":{"line":15,"column":27},"end":{"line":22,"column":1}},"4":{"start":{"line":16,"column":48},"end":{"line":20,"column":4}},"5":{"start":{"line":21,"column":2},"end":{"line":21,"column":33}},"6":{"start":{"line":24,"column":21},"end":{"line":89,"column":1}},"7":{"start":{"line":25,"column":2},"end":{"line":88,"column":3}},"8":{"start":{"line":26,"column":35},"end":{"line":26,"column":43}},"9":{"start":{"line":28,"column":4},"end":{"line":33,"column":5}},"10":{"start":{"line":29,"column":6},"end":{"line":32,"column":9}},"11":{"start":{"line":35,"column":17},"end":{"line":35,"column":60}},"12":{"start":{"line":37,"column":4},"end":{"line":42,"column":5}},"13":{"start":{"line":38,"column":6},"end":{"line":41,"column":9}},"14":{"start":{"line":44,"column":4},"end":{"line":49,"column":5}},"15":{"start":{"line":45,"column":6},"end":{"line":48,"column":9}},"16":{"start":{"line":51,"column":26},"end":{"line":51,"column":62}},"17":{"start":{"line":53,"column":4},"end":{"line":58,"column":5}},"18":{"start":{"line":54,"column":6},"end":{"line":57,"column":9}},"19":{"start":{"line":61,"column":4},"end":{"line":61,"column":33}},"20":{"start":{"line":62,"column":4},"end":{"line":62,"column":22}},"21":{"start":{"line":64,"column":18},"end":{"line":67,"column":null}},"22":{"start":{"line":70,"column":4},"end":{"line":81,"column":7}},"23":{"start":{"line":83,"column":4},"end":{"line":83,"column":41}},"24":{"start":{"line":84,"column":4},"end":{"line":87,"column":7}},"25":{"start":{"line":24,"column":13},"end":{"line":24,"column":21}},"26":{"start":{"line":91,"column":22},"end":{"line":112,"column":1}},"27":{"start":{"line":92,"column":2},"end":{"line":111,"column":3}},"28":{"start":{"line":93,"column":23},"end":{"line":93,"column":48}},"29":{"start":{"line":94,"column":4},"end":{"line":99,"column":5}},"30":{"start":{"line":95,"column":20},"end":{"line":95,"column":43}},"31":{"start":{"line":96,"column":22},"end":{"line":96,"column":66}},"32":{"start":{"line":97,"column":24},"end":{"line":97,"column":91}},"33":{"start":{"line":98,"column":6},"end":{"line":98,"column":45}},"34":{"start":{"line":101,"column":4},"end":{"line":104,"column":7}},"35":{"start":{"line":106,"column":4},"end":{"line":106,"column":42}},"36":{"start":{"line":107,"column":4},"end":{"line":110,"column":7}},"37":{"start":{"line":91,"column":13},"end":{"line":91,"column":22}},"38":{"start":{"line":114,"column":21},"end":{"line":152,"column":1}},"39":{"start":{"line":115,"column":2},"end":{"line":151,"column":3}},"40":{"start":{"line":116,"column":4},"end":{"line":121,"column":5}},"41":{"start":{"line":117,"column":6},"end":{"line":120,"column":9}},"42":{"start":{"line":123,"column":17},"end":{"line":125,"column":6}},"43":{"start":{"line":127,"column":4},"end":{"line":132,"column":5}},"44":{"start":{"line":128,"column":6},"end":{"line":131,"column":9}},"45":{"start":{"line":134,"column":4},"end":{"line":144,"column":7}},"46":{"start":{"line":146,"column":4},"end":{"line":146,"column":42}},"47":{"start":{"line":147,"column":4},"end":{"line":150,"column":7}},"48":{"start":{"line":114,"column":13},"end":{"line":114,"column":21}}},"fnMap":{"0":{"name":"(anonymous_1)","decl":{"start":{"line":15,"column":27},"end":{"line":15,"column":28}},"loc":{"start":{"line":15,"column":54},"end":{"line":22,"column":1}}},"1":{"name":"(anonymous_2)","decl":{"start":{"line":24,"column":21},"end":{"line":24,"column":26}},"loc":{"start":{"line":24,"column":59},"end":{"line":89,"column":1}}},"2":{"name":"(anonymous_3)","decl":{"start":{"line":91,"column":22},"end":{"line":91,"column":27}},"loc":{"start":{"line":91,"column":64},"end":{"line":112,"column":1}}},"3":{"name":"(anonymous_4)","decl":{"start":{"line":114,"column":21},"end":{"line":114,"column":26}},"loc":{"start":{"line":114,"column":63},"end":{"line":152,"column":1}}}},"branchMap":{"0":{"loc":{"start":{"line":21,"column":9},"end":{"line":21,"column":32}},"type":"binary-expr","locations":[{"start":{"line":21,"column":9},"end":{"line":21,"column":26}},{"start":{"line":21,"column":30},"end":{"line":21,"column":32}}]},"1":{"loc":{"start":{"line":28,"column":4},"end":{"line":33,"column":5}},"type":"if","locations":[{"start":{"line":28,"column":4},"end":{"line":33,"column":5}}]},"2":{"loc":{"start":{"line":28,"column":8},"end":{"line":28,"column":30}},"type":"binary-expr","locations":[{"start":{"line":28,"column":8},"end":{"line":28,"column":17}},{"start":{"line":28,"column":21},"end":{"line":28,"column":30}}]},"3":{"loc":{"start":{"line":37,"column":4},"end":{"line":42,"column":5}},"type":"if","locations":[{"start":{"line":37,"column":4},"end":{"line":42,"column":5}}]},"4":{"loc":{"start":{"line":44,"column":4},"end":{"line":49,"column":5}},"type":"if","locations":[{"start":{"line":44,"column":4},"end":{"line":49,"column":5}}]},"5":{"loc":{"start":{"line":53,"column":4},"end":{"line":58,"column":5}},"type":"if","locations":[{"start":{"line":53,"column":4},"end":{"line":58,"column":5}}]},"6":{"loc":{"start":{"line":94,"column":4},"end":{"line":99,"column":5}},"type":"if","locations":[{"start":{"line":94,"column":4},"end":{"line":99,"column":5}}]},"7":{"loc":{"start":{"line":94,"column":8},"end":{"line":94,"column":54}},"type":"binary-expr","locations":[{"start":{"line":94,"column":8},"end":{"line":94,"column":18}},{"start":{"line":94,"column":22},"end":{"line":94,"column":54}}]},"8":{"loc":{"start":{"line":97,"column":24},"end":{"line":97,"column":91}},"type":"cond-expr","locations":[{"start":{"line":97,"column":39},"end":{"line":97,"column":57}},{"start":{"line":97,"column":60},"end":{"line":97,"column":91}}]},"9":{"loc":{"start":{"line":116,"column":4},"end":{"line":121,"column":5}},"type":"if","locations":[{"start":{"line":116,"column":4},"end":{"line":121,"column":5}}]},"10":{"loc":{"start":{"line":127,"column":4},"end":{"line":132,"column":5}},"type":"if","locations":[{"start":{"line":127,"column":4},"end":{"line":132,"column":5}}]}},"s":{"0":9,"1":9,"2":9,"3":9,"4":1,"5":1,"6":9,"7":6,"8":6,"9":6,"10":2,"11":4,"12":4,"13":1,"14":3,"15":1,"16":2,"17":2,"18":1,"19":1,"20":1,"21":1,"22":1,"23":0,"24":0,"25":9,"26":9,"27":1,"28":1,"29":1,"30":1,"31":1,"32":1,"33":1,"34":1,"35":0,"36":0,"37":9,"38":9,"39":1,"40":1,"41":0,"42":1,"43":1,"44":0,"45":1,"46":0,"47":0,"48":9},"f":{"0":1,"1":6,"2":1,"3":1},"b":{"0":[1,0],"1":[2],"2":[6,5],"3":[1],"4":[1],"5":[1],"6":[1],"7":[1,1],"8":[1,0],"9":[0],"10":[0]}}
,"C:\\Users\\pc\\Work\\Operatingtheatre\\server\\src\\controllers\\barcodeController.ts": {"path":"C:\\Users\\pc\\Work\\Operatingtheatre\\server\\src\\controllers\\barcodeController.ts","statementMap":{"0":{"start":{"line":2,"column":0},"end":{"line":2,"column":29}},"1":{"start":{"line":3,"column":0},"end":{"line":3,"column":58}},"2":{"start":{"line":6,"column":31},"end":{"line":53,"column":1}},"3":{"start":{"line":7,"column":2},"end":{"line":52,"column":3}},"4":{"start":{"line":8,"column":59},"end":{"line":8,"column":67}},"5":{"start":{"line":10,"column":4},"end":{"line":15,"column":5}},"6":{"start":{"line":11,"column":6},"end":{"line":14,"column":9}},"7":{"start":{"line":17,"column":18},"end":{"line":17,"column":71}},"8":{"start":{"line":19,"column":4},"end":{"line":24,"column":5}},"9":{"start":{"line":20,"column":6},"end":{"line":23,"column":9}},"10":{"start":{"line":26,"column":16},"end":{"line":34,"column":6}},"11":{"start":{"line":36,"column":19},"end":{"line":36,"column":68}},"12":{"start":{"line":38,"column":4},"end":{"line":45,"column":7}},"13":{"start":{"line":47,"column":4},"end":{"line":47,"column":52}},"14":{"start":{"line":48,"column":4},"end":{"line":51,"column":7}},"15":{"start":{"line":6,"column":13},"end":{"line":6,"column":31}},"16":{"start":{"line":56,"column":27},"end":{"line":123,"column":1}},"17":{"start":{"line":57,"column":2},"end":{"line":122,"column":3}},"18":{"start":{"line":58,"column":29},"end":{"line":58,"column":37}},"19":{"start":{"line":60,"column":4},"end":{"line":65,"column":5}},"20":{"start":{"line":61,"column":6},"end":{"line":64,"column":9}},"21":{"start":{"line":67,"column":18},"end":{"line":86,"column":6}},"22":{"start":{"line":88,"column":4},"end":{"line":93,"column":5}},"23":{"start":{"line":89,"column":6},"end":{"line":92,"column":9}},"24":{"start":{"line":95,"column":20},"end":{"line":95,"column":47}},"25":{"start":{"line":96,"column":25},"end":{"line":96,"column":58}},"26":{"start":{"line":97,"column":19},"end":{"line":97,"column":46}},"27":{"start":{"line":99,"column":4},"end":{"line":115,"column":7}},"28":{"start":{"line":117,"column":4},"end":{"line":117,"column":48}},"29":{"start":{"line":118,"column":4},"end":{"line":121,"column":7}},"30":{"start":{"line":56,"column":13},"end":{"line":56,"column":27}}},"fnMap":{"0":{"name":"(anonymous_1)","decl":{"start":{"line":6,"column":31},"end":{"line":6,"column":36}},"loc":{"start":{"line":6,"column":69},"end":{"line":53,"column":1}}},"1":{"name":"(anonymous_2)","decl":{"start":{"line":56,"column":27},"end":{"line":56,"column":32}},"loc":{"start":{"line":56,"column":65},"end":{"line":123,"column":1}}}},"branchMap":{"0":{"loc":{"start":{"line":8,"column":31},"end":{"line":8,"column":41}},"type":"default-arg","locations":[{"start":{"line":8,"column":39},"end":{"line":8,"column":41}}]},"1":{"loc":{"start":{"line":8,"column":43},"end":{"line":8,"column":54}},"type":"default-arg","locations":[{"start":{"line":8,"column":52},"end":{"line":8,"column":54}}]},"2":{"loc":{"start":{"line":10,"column":4},"end":{"line":15,"column":5}},"type":"if","locations":[{"start":{"line":10,"column":4},"end":{"line":15,"column":5}}]},"3":{"loc":{"start":{"line":19,"column":4},"end":{"line":24,"column":5}},"type":"if","locations":[{"start":{"line":19,"column":4},"end":{"line":24,"column":5}}]},"4":{"loc":{"start":{"line":60,"column":4},"end":{"line":65,"column":5}},"type":"if","locations":[{"start":{"line":60,"column":4},"end":{"line":65,"column":5}}]},"5":{"loc":{"start":{"line":88,"column":4},"end":{"line":93,"column":5}},"type":"if","locations":[{"start":{"line":88,"column":4},"end":{"line":93,"column":5}}]},"6":{"loc":{"start":{"line":113,"column":17},"end":{"line":113,"column":69}},"type":"cond-expr","locations":[{"start":{"line":113,"column":26},"end":{"line":113,"column":62}},{"start":{"line":113,"column":65},"end":{"line":113,"column":69}}]}},"s":{"0":9,"1":9,"2":9,"3":4,"4":4,"5":4,"6":1,"7":3,"8":3,"9":1,"10":2,"11":2,"12":2,"13":0,"14":0,"15":9,"16":9,"17":4,"18":4,"19":4,"20":1,"21":3,"22":3,"23":1,"24":2,"25":2,"26":2,"27":2,"28":0,"29":0,"30":9},"f":{"0":4,"1":4},"b":{"0":[3],"1":[3],"2":[1],"3":[1],"4":[1],"5":[1],"6":[1,1]}}
,"C:\\Users\\pc\\Work\\Operatingtheatre\\server\\src\\controllers\\familyController.ts": {"path":"C:\\Users\\pc\\Work\\Operatingtheatre\\server\\src\\controllers\\familyController.ts","statementMap":{"0":{"start":{"line":2,"column":0},"end":{"line":2,"column":31}},"1":{"start":{"line":3,"column":0},"end":{"line":3,"column":28}},"2":{"start":{"line":4,"column":0},"end":{"line":4,"column":78}},"3":{"start":{"line":5,"column":0},"end":{"line":5,"column":57}},"4":{"start":{"line":8,"column":20},"end":{"line":10,"column":1}},"5":{"start":{"line":9,"column":2},"end":{"line":9,"column":64}},"6":{"start":{"line":13,"column":28},"end":{"line":15,"column":1}},"7":{"start":{"line":14,"column":2},"end":{"line":14,"column":57}},"8":{"start":{"line":17,"column":20},"end":{"line":17,"column":113}},"9":{"start":{"line":20,"column":26},"end":{"line":171,"column":1}},"10":{"start":{"line":21,"column":2},"end":{"line":170,"column":3}},"11":{"start":{"line":22,"column":48},"end":{"line":22,"column":56}},"12":{"start":{"line":24,"column":4},"end":{"line":29,"column":5}},"13":{"start":{"line":25,"column":6},"end":{"line":28,"column":9}},"14":{"start":{"line":31,"column":4},"end":{"line":36,"column":5}},"15":{"start":{"line":32,"column":6},"end":{"line":35,"column":9}},"16":{"start":{"line":39,"column":18},"end":{"line":54,"column":6}},"17":{"start":{"line":56,"column":4},"end":{"line":61,"column":5}},"18":{"start":{"line":57,"column":6},"end":{"line":60,"column":9}},"19":{"start":{"line":64,"column":25},"end":{"line":64,"column":58}},"20":{"start":{"line":65,"column":20},"end":{"line":65,"column":47}},"21":{"start":{"line":66,"column":4},"end":{"line":85,"column":5}},"22":{"start":{"line":67,"column":27},"end":{"line":67,"column":82}},"23":{"start":{"line":68,"column":6},"end":{"line":84,"column":9}},"24":{"start":{"line":88,"column":30},"end":{"line":88,"column":52}},"25":{"start":{"line":89,"column":4},"end":{"line":93,"column":5}},"26":{"start":{"line":90,"column":6},"end":{"line":90,"column":33}},"27":{"start":{"line":91,"column":11},"end":{"line":93,"column":5}},"28":{"start":{"line":92,"column":6},"end":{"line":92,"column":33}},"29":{"start":{"line":95,"column":26},"end":{"line":97,"column":6}},"30":{"start":{"line":99,"column":4},"end":{"line":104,"column":5}},"31":{"start":{"line":100,"column":6},"end":{"line":103,"column":9}},"32":{"start":{"line":106,"column":4},"end":{"line":111,"column":5}},"33":{"start":{"line":107,"column":6},"end":{"line":110,"column":9}},"34":{"start":{"line":114,"column":23},"end":{"line":114,"column":60}},"35":{"start":{"line":115,"column":25},"end":{"line":120,"column":6}},"36":{"start":{"line":122,"column":4},"end":{"line":127,"column":5}},"37":{"start":{"line":123,"column":6},"end":{"line":126,"column":9}},"38":{"start":{"line":130,"column":16},"end":{"line":130,"column":29}},"39":{"start":{"line":131,"column":18},"end":{"line":131,"column":39}},"40":{"start":{"line":132,"column":25},"end":{"line":132,"column":62}},"41":{"start":{"line":133,"column":27},"end":{"line":133,"column":69}},"42":{"start":{"line":135,"column":4},"end":{"line":144,"column":7}},"43":{"start":{"line":146,"column":27},"end":{"line":146,"column":46}},"44":{"start":{"line":147,"column":4},"end":{"line":151,"column":5}},"45":{"start":{"line":148,"column":6},"end":{"line":148,"column":66}},"46":{"start":{"line":150,"column":6},"end":{"line":150,"column":69}},"47":{"start":{"line":153,"column":28},"end":{"line":155,"column":67}},"48":{"start":{"line":157,"column":4},"end":{"line":163,"column":7}},"49":{"start":{"line":165,"column":4},"end":{"line":165,"column":47}},"50":{"start":{"line":166,"column":4},"end":{"line":169,"column":7}},"51":{"start":{"line":20,"column":13},"end":{"line":20,"column":26}},"52":{"start":{"line":174,"column":25},"end":{"line":304,"column":1}},"53":{"start":{"line":175,"column":2},"end":{"line":303,"column":3}},"54":{"start":{"line":176,"column":39},"end":{"line":176,"column":47}},"55":{"start":{"line":178,"column":4},"end":{"line":183,"column":5}},"56":{"start":{"line":179,"column":6},"end":{"line":182,"column":9}},"57":{"start":{"line":186,"column":18},"end":{"line":201,"column":6}},"58":{"start":{"line":203,"column":4},"end":{"line":208,"column":5}},"59":{"start":{"line":204,"column":6},"end":{"line":207,"column":9}},"60":{"start":{"line":211,"column":24},"end":{"line":214,"column":6}},"61":{"start":{"line":216,"column":4},"end":{"line":221,"column":5}},"62":{"start":{"line":217,"column":6},"end":{"line":220,"column":9}},"63":{"start":{"line":224,"column":4},"end":{"line":236,"column":5}},"64":{"start":{"line":225,"column":26},"end":{"line":225,"column":50}},"65":{"start":{"line":226,"column":6},"end":{"line":231,"column":7}},"66":{"start":{"line":227,"column":8},"end":{"line":230,"column":11}},"67":{"start":{"line":232,"column":6},"end":{"line":232,"column":36}},"68":{"start":{"line":233,"column":6},"end":{"line":233,"column":38}},"69":{"start":{"line":234,"column":6},"end":{"line":234,"column":35}},"70":{"start":{"line":235,"column":6},"end":{"line":235,"column":31}},"71":{"start":{"line":239,"column":4},"end":{"line":244,"column":5}},"72":{"start":{"line":240,"column":6},"end":{"line":243,"column":9}},"73":{"start":{"line":247,"column":4},"end":{"line":268,"column":5}},"74":{"start":{"line":248,"column":6},"end":{"line":248,"column":36}},"75":{"start":{"line":250,"column":6},"end":{"line":259,"column":7}},"76":{"start":{"line":251,"column":8},"end":{"line":251,"column":37}},"77":{"start":{"line":252,"column":8},"end":{"line":252,"column":73}},"78":{"start":{"line":253,"column":8},"end":{"line":253,"column":33}},"79":{"start":{"line":255,"column":8},"end":{"line":258,"column":11}},"80":{"start":{"line":261,"column":6},"end":{"line":261,"column":31}},"81":{"start":{"line":263,"column":6},"end":{"line":267,"column":9}},"82":{"start":{"line":271,"column":4},"end":{"line":271,"column":33}},"83":{"start":{"line":272,"column":4},"end":{"line":272,"column":29}},"84":{"start":{"line":274,"column":20},"end":{"line":274,"column":47}},"85":{"start":{"line":275,"column":25},"end":{"line":275,"column":58}},"86":{"start":{"line":276,"column":25},"end":{"line":276,"column":63}},"87":{"start":{"line":277,"column":33},"end":{"line":279,"column":9}},"88":{"start":{"line":281,"column":4},"end":{"line":296,"column":7}},"89":{"start":{"line":298,"column":4},"end":{"line":298,"column":46}},"90":{"start":{"line":299,"column":4},"end":{"line":302,"column":7}},"91":{"start":{"line":174,"column":13},"end":{"line":174,"column":25}},"92":{"start":{"line":307,"column":30},"end":{"line":375,"column":1}},"93":{"start":{"line":308,"column":2},"end":{"line":374,"column":3}},"94":{"start":{"line":309,"column":22},"end":{"line":309,"column":32}},"95":{"start":{"line":311,"column":24},"end":{"line":332,"column":6}},"96":{"start":{"line":334,"column":4},"end":{"line":339,"column":5}},"97":{"start":{"line":335,"column":6},"end":{"line":338,"column":9}},"98":{"start":{"line":341,"column":4},"end":{"line":346,"column":5}},"99":{"start":{"line":342,"column":6},"end":{"line":345,"column":9}},"100":{"start":{"line":348,"column":18},"end":{"line":348,"column":49}},"101":{"start":{"line":349,"column":20},"end":{"line":349,"column":33}},"102":{"start":{"line":350,"column":25},"end":{"line":350,"column":44}},"103":{"start":{"line":351,"column":25},"end":{"line":351,"column":63}},"104":{"start":{"line":352,"column":33},"end":{"line":354,"column":9}},"105":{"start":{"line":356,"column":4},"end":{"line":367,"column":7}},"106":{"start":{"line":369,"column":4},"end":{"line":369,"column":52}},"107":{"start":{"line":370,"column":4},"end":{"line":373,"column":7}},"108":{"start":{"line":307,"column":13},"end":{"line":307,"column":30}}},"fnMap":{"0":{"name":"(anonymous_1)","decl":{"start":{"line":8,"column":20},"end":{"line":8,"column":31}},"loc":{"start":{"line":8,"column":33},"end":{"line":10,"column":1}}},"1":{"name":"(anonymous_2)","decl":{"start":{"line":13,"column":28},"end":{"line":13,"column":39}},"loc":{"start":{"line":13,"column":41},"end":{"line":15,"column":1}}},"2":{"name":"(anonymous_3)","decl":{"start":{"line":20,"column":26},"end":{"line":20,"column":31}},"loc":{"start":{"line":20,"column":64},"end":{"line":171,"column":1}}},"3":{"name":"(anonymous_4)","decl":{"start":{"line":174,"column":25},"end":{"line":174,"column":30}},"loc":{"start":{"line":174,"column":63},"end":{"line":304,"column":1}}},"4":{"name":"(anonymous_5)","decl":{"start":{"line":307,"column":30},"end":{"line":307,"column":35}},"loc":{"start":{"line":307,"column":68},"end":{"line":375,"column":1}}}},"branchMap":{"0":{"loc":{"start":{"line":24,"column":4},"end":{"line":29,"column":5}},"type":"if","locations":[{"start":{"line":24,"column":4},"end":{"line":29,"column":5}}]},"1":{"loc":{"start":{"line":31,"column":4},"end":{"line":36,"column":5}},"type":"if","locations":[{"start":{"line":31,"column":4},"end":{"line":36,"column":5}}]},"2":{"loc":{"start":{"line":31,"column":8},"end":{"line":31,"column":24}},"type":"binary-expr","locations":[{"start":{"line":31,"column":8},"end":{"line":31,"column":14}},{"start":{"line":31,"column":18},"end":{"line":31,"column":24}}]},"3":{"loc":{"start":{"line":56,"column":4},"end":{"line":61,"column":5}},"type":"if","locations":[{"start":{"line":56,"column":4},"end":{"line":61,"column":5}}]},"4":{"loc":{"start":{"line":66,"column":4},"end":{"line":85,"column":5}},"type":"if","locations":[{"start":{"line":66,"column":4},"end":{"line":85,"column":5}}]},"5":{"loc":{"start":{"line":66,"column":8},"end":{"line":66,"column":60}},"type":"binary-expr","locations":[{"start":{"line":66,"column":8},"end":{"line":66,"column":21}},{"start":{"line":66,"column":25},"end":{"line":66,"column":60}}]},"6":{"loc":{"start":{"line":67,"column":47},"end":{"line":67,"column":81}},"type":"binary-expr","locations":[{"start":{"line":67,"column":47},"end":{"line":67,"column":65}},{"start":{"line":67,"column":69},"end":{"line":67,"column":81}}]},"7":{"loc":{"start":{"line":73,"column":30},"end":{"line":73,"column":55}},"type":"binary-expr","locations":[{"start":{"line":73,"column":30},"end":{"line":73,"column":49}},{"start":{"line":73,"column":53},"end":{"line":73,"column":55}}]},"8":{"loc":{"start":{"line":75,"column":18},"end":{"line":75,"column":52}},"type":"binary-expr","locations":[{"start":{"line":75,"column":18},"end":{"line":75,"column":36}},{"start":{"line":75,"column":40},"end":{"line":75,"column":52}}]},"9":{"loc":{"start":{"line":76,"column":19},"end":{"line":76,"column":51}},"type":"binary-expr","locations":[{"start":{"line":76,"column":19},"end":{"line":76,"column":38}},{"start":{"line":76,"column":42},"end":{"line":76,"column":51}}]},"10":{"loc":{"start":{"line":78,"column":34},"end":{"line":80,"column":17}},"type":"cond-expr","locations":[{"start":{"line":79,"column":14},"end":{"line":79,"column":73}},{"start":{"line":80,"column":14},"end":{"line":80,"column":17}}]},"11":{"loc":{"start":{"line":81,"column":26},"end":{"line":81,"column":54}},"type":"binary-expr","locations":[{"start":{"line":81,"column":26},"end":{"line":81,"column":46}},{"start":{"line":81,"column":50},"end":{"line":81,"column":54}}]},"12":{"loc":{"start":{"line":89,"column":4},"end":{"line":93,"column":5}},"type":"if","locations":[{"start":{"line":89,"column":4},"end":{"line":93,"column":5}},{"start":{"line":91,"column":11},"end":{"line":93,"column":5}}]},"13":{"loc":{"start":{"line":91,"column":11},"end":{"line":93,"column":5}},"type":"if","locations":[{"start":{"line":91,"column":11},"end":{"line":93,"column":5}}]},"14":{"loc":{"start":{"line":99,"column":4},"end":{"line":104,"column":5}},"type":"if","locations":[{"start":{"line":99,"column":4},"end":{"line":104,"column":5}}]},"15":{"loc":{"start":{"line":106,"column":4},"end":{"line":111,"column":5}},"type":"if","locations":[{"start":{"line":106,"column":4},"end":{"line":111,"column":5}}]},"16":{"loc":{"start":{"line":122,"column":4},"end":{"line":127,"column":5}},"type":"if","locations":[{"start":{"line":122,"column":4},"end":{"line":127,"column":5}}]},"17":{"loc":{"start":{"line":147,"column":4},"end":{"line":151,"column":5}},"type":"if","locations":[{"start":{"line":147,"column":4},"end":{"line":151,"column":5}},{"start":{"line":149,"column":11},"end":{"line":151,"column":5}}]},"18":{"loc":{"start":{"line":153,"column":28},"end":{"line":155,"column":67}},"type":"cond-expr","locations":[{"start":{"line":154,"column":8},"end":{"line":154,"column":58}},{"start":{"line":155,"column":8},"end":{"line":155,"column":67}}]},"19":{"loc":{"start":{"line":160,"column":23},"end":{"line":160,"column":55}},"type":"cond-expr","locations":[{"start":{"line":160,"column":40},"end":{"line":160,"column":47}},{"start":{"line":160,"column":50},"end":{"line":160,"column":55}}]},"20":{"loc":{"start":{"line":178,"column":4},"end":{"line":183,"column":5}},"type":"if","locations":[{"start":{"line":178,"column":4},"end":{"line":183,"column":5}}]},"21":{"loc":{"start":{"line":178,"column":8},"end":{"line":178,"column":34}},"type":"binary-expr","locations":[{"start":{"line":178,"column":8},"end":{"line":178,"column":26}},{"start":{"line":178,"column":30},"end":{"line":178,"column":34}}]},"22":{"loc":{"start":{"line":203,"column":4},"end":{"line":208,"column":5}},"type":"if","locations":[{"start":{"line":203,"column":4},"end":{"line":208,"column":5}}]},"23":{"loc":{"start":{"line":216,"column":4},"end":{"line":221,"column":5}},"type":"if","locations":[{"start":{"line":216,"column":4},"end":{"line":221,"column":5}}]},"24":{"loc":{"start":{"line":224,"column":4},"end":{"line":236,"column":5}},"type":"if","locations":[{"start":{"line":224,"column":4},"end":{"line":236,"column":5}}]},"25":{"loc":{"start":{"line":226,"column":6},"end":{"line":231,"column":7}},"type":"if","locations":[{"start":{"line":226,"column":6},"end":{"line":231,"column":7}}]},"26":{"loc":{"start":{"line":226,"column":10},"end":{"line":226,"column":49}},"type":"binary-expr","locations":[{"start":{"line":226,"column":10},"end":{"line":226,"column":21}},{"start":{"line":226,"column":25},"end":{"line":226,"column":49}}]},"27":{"loc":{"start":{"line":239,"column":4},"end":{"line":244,"column":5}},"type":"if","locations":[{"start":{"line":239,"column":4},"end":{"line":244,"column":5}}]},"28":{"loc":{"start":{"line":247,"column":4},"end":{"line":268,"column":5}},"type":"if","locations":[{"start":{"line":247,"column":4},"end":{"line":268,"column":5}}]},"29":{"loc":{"start":{"line":250,"column":6},"end":{"line":259,"column":7}},"type":"if","locations":[{"start":{"line":250,"column":6},"end":{"line":259,"column":7}}]},"30":{"loc":{"start":{"line":277,"column":33},"end":{"line":279,"column":9}},"type":"cond-expr","locations":[{"start":{"line":278,"column":8},"end":{"line":278,"column":67}},{"start":{"line":279,"column":8},"end":{"line":279,"column":9}}]},"31":{"loc":{"start":{"line":293,"column":24},"end":{"line":293,"column":52}},"type":"binary-expr","locations":[{"start":{"line":293,"column":24},"end":{"line":293,"column":44}},{"start":{"line":293,"column":48},"end":{"line":293,"column":52}}]},"32":{"loc":{"start":{"line":334,"column":4},"end":{"line":339,"column":5}},"type":"if","locations":[{"start":{"line":334,"column":4},"end":{"line":339,"column":5}}]},"33":{"loc":{"start":{"line":341,"column":4},"end":{"line":346,"column":5}},"type":"if","locations":[{"start":{"line":341,"column":4},"end":{"line":346,"column":5}}]},"34":{"loc":{"start":{"line":352,"column":33},"end":{"line":354,"column":9}},"type":"cond-expr","locations":[{"start":{"line":353,"column":8},"end":{"line":353,"column":67}},{"start":{"line":354,"column":8},"end":{"line":354,"column":9}}]},"35":{"loc":{"start":{"line":365,"column":22},"end":{"line":365,"column":50}},"type":"binary-expr","locations":[{"start":{"line":365,"column":22},"end":{"line":365,"column":42}},{"start":{"line":365,"column":46},"end":{"line":365,"column":50}}]}},"s":{"0":9,"1":9,"2":9,"3":9,"4":9,"5":2,"6":9,"7":2,"8":9,"9":9,"10":9,"11":9,"12":9,"13":1,"14":8,"15":1,"16":7,"17":7,"18":1,"19":6,"20":6,"21":6,"22":1,"23":1,"24":5,"25":5,"26":4,"27":1,"28":1,"29":5,"30":5,"31":1,"32":4,"33":1,"34":3,"35":3,"36":3,"37":1,"38":2,"39":2,"40":2,"41":2,"42":2,"43":2,"44":2,"45":1,"46":1,"47":2,"48":2,"49":0,"50":0,"51":9,"52":9,"53":8,"54":8,"55":8,"56":1,"57":7,"58":7,"59":1,"60":6,"61":6,"62":1,"63":5,"64":1,"65":1,"66":1,"67":0,"68":0,"69":0,"70":0,"71":4,"72":1,"73":3,"74":2,"75":2,"76":1,"77":1,"78":1,"79":1,"80":1,"81":1,"82":1,"83":1,"84":1,"85":1,"86":1,"87":1,"88":1,"89":0,"90":0,"91":9,"92":9,"93":3,"94":3,"95":3,"96":3,"97":1,"98":2,"99":1,"100":1,"101":1,"102":1,"103":1,"104":1,"105":1,"106":0,"107":0,"108":9},"f":{"0":2,"1":2,"2":9,"3":8,"4":3},"b":{"0":[1],"1":[1],"2":[8,2],"3":[1],"4":[1],"5":[6,5],"6":[1,0],"7":[1,0],"8":[1,0],"9":[1,0],"10":[1,0],"11":[1,1],"12":[4,1],"13":[1],"14":[1],"15":[1],"16":[1],"17":[1,1],"18":[1,1],"19":[1,1],"20":[1],"21":[8,8],"22":[1],"23":[1],"24":[1],"25":[1],"26":[1,1],"27":[1],"28":[2],"29":[1],"30":[1,0],"31":[1,1],"32":[1],"33":[1],"34":[1,0],"35":[1,1]}}
,"C:\\Users\\pc\\Work\\Operatingtheatre\\server\\src\\controllers\\reportController.ts": {"path":"C:\\Users\\pc\\Work\\Operatingtheatre\\server\\src\\controllers\\reportController.ts","statementMap":{"0":{"start":{"line":2,"column":0},"end":{"line":2,"column":31}},"1":{"start":{"line":3,"column":0},"end":{"line":3,"column":76}},"2":{"start":{"line":6,"column":31},"end":{"line":103,"column":1}},"3":{"start":{"line":7,"column":2},"end":{"line":102,"column":3}},"4":{"start":{"line":8,"column":21},"end":{"line":8,"column":30}},"5":{"start":{"line":10,"column":23},"end":{"line":10,"column":67}},"6":{"start":{"line":11,"column":23},"end":{"line":11,"column":64}},"7":{"start":{"line":12,"column":21},"end":{"line":12,"column":67}},"8":{"start":{"line":15,"column":19},"end":{"line":29,"column":6}},"9":{"start":{"line":31,"column":24},"end":{"line":31,"column":37}},"10":{"start":{"line":32,"column":28},"end":{"line":35,"column":13}},"11":{"start":{"line":33,"column":20},"end":{"line":33,"column":49}},"12":{"start":{"line":34,"column":6},"end":{"line":34,"column":42}},"13":{"start":{"line":36,"column":25},"end":{"line":39,"column":13}},"14":{"start":{"line":37,"column":20},"end":{"line":37,"column":49}},"15":{"start":{"line":38,"column":6},"end":{"line":38,"column":42}},"16":{"start":{"line":42,"column":22},"end":{"line":47,"column":6}},"17":{"start":{"line":43,"column":22},"end":{"line":43,"column":67}},"18":{"start":{"line":44,"column":22},"end":{"line":44,"column":91}},"19":{"start":{"line":45,"column":19},"end":{"line":45,"column":58}},"20":{"start":{"line":46,"column":6},"end":{"line":46,"column":39}},"21":{"start":{"line":48,"column":28},"end":{"line":50,"column":9}},"22":{"start":{"line":49,"column":46},"end":{"line":49,"column":51}},"23":{"start":{"line":53,"column":27},"end":{"line":53,"column":29}},"24":{"start":{"line":54,"column":24},"end":{"line":54,"column":51}},"25":{"start":{"line":56,"column":4},"end":{"line":66,"column":7}},"26":{"start":{"line":57,"column":20},"end":{"line":57,"column":49}},"27":{"start":{"line":58,"column":6},"end":{"line":58,"column":31}},"28":{"start":{"line":58,"column":24},"end":{"line":58,"column":31}},"29":{"start":{"line":59,"column":6},"end":{"line":61,"column":7}},"30":{"start":{"line":60,"column":8},"end":{"line":60,"column":40}},"31":{"start":{"line":62,"column":22},"end":{"line":62,"column":67}},"32":{"start":{"line":63,"column":22},"end":{"line":63,"column":91}},"33":{"start":{"line":64,"column":23},"end":{"line":64,"column":62}},"34":{"start":{"line":65,"column":6},"end":{"line":65,"column":74}},"35":{"start":{"line":65,"column":30},"end":{"line":65,"column":74}},"36":{"start":{"line":68,"column":4},"end":{"line":77,"column":7}},"37":{"start":{"line":69,"column":26},"end":{"line":71,"column":11}},"38":{"start":{"line":70,"column":48},"end":{"line":70,"column":53}},"39":{"start":{"line":72,"column":6},"end":{"line":76,"column":9}},"40":{"start":{"line":80,"column":30},"end":{"line":80,"column":37}},"41":{"start":{"line":81,"column":28},"end":{"line":81,"column":122}},"42":{"start":{"line":83,"column":4},"end":{"line":95,"column":7}},"43":{"start":{"line":97,"column":4},"end":{"line":97,"column":53}},"44":{"start":{"line":98,"column":4},"end":{"line":101,"column":7}},"45":{"start":{"line":6,"column":13},"end":{"line":6,"column":31}},"46":{"start":{"line":106,"column":28},"end":{"line":154,"column":1}},"47":{"start":{"line":107,"column":2},"end":{"line":153,"column":3}},"48":{"start":{"line":108,"column":37},"end":{"line":108,"column":46}},"49":{"start":{"line":109,"column":4},"end":{"line":111,"column":5}},"50":{"start":{"line":110,"column":6},"end":{"line":110,"column":101}},"51":{"start":{"line":113,"column":18},"end":{"line":113,"column":48}},"52":{"start":{"line":114,"column":4},"end":{"line":114,"column":31}},"53":{"start":{"line":115,"column":16},"end":{"line":115,"column":44}},"54":{"start":{"line":116,"column":4},"end":{"line":116,"column":34}},"55":{"start":{"line":118,"column":19},"end":{"line":121,"column":6}},"56":{"start":{"line":124,"column":19},"end":{"line":124,"column":90}},"57":{"start":{"line":127,"column":4},"end":{"line":129,"column":5}},"58":{"start":{"line":127,"column":17},"end":{"line":127,"column":32}},"59":{"start":{"line":128,"column":6},"end":{"line":128,"column":87}},"60":{"start":{"line":131,"column":4},"end":{"line":143,"column":7}},"61":{"start":{"line":132,"column":18},"end":{"line":132,"column":37}},"62":{"start":{"line":133,"column":6},"end":{"line":133,"column":22}},"63":{"start":{"line":133,"column":15},"end":{"line":133,"column":22}},"64":{"start":{"line":134,"column":16},"end":{"line":134,"column":28}},"65":{"start":{"line":135,"column":6},"end":{"line":135,"column":41}},"66":{"start":{"line":135,"column":34},"end":{"line":135,"column":41}},"67":{"start":{"line":136,"column":22},"end":{"line":136,"column":51}},"68":{"start":{"line":137,"column":20},"end":{"line":137,"column":39}},"69":{"start":{"line":138,"column":6},"end":{"line":138,"column":25}},"70":{"start":{"line":138,"column":18},"end":{"line":138,"column":25}},"71":{"start":{"line":139,"column":6},"end":{"line":139,"column":20}},"72":{"start":{"line":140,"column":25},"end":{"line":140,"column":61}},"73":{"start":{"line":141,"column":6},"end":{"line":142,"column":26}},"74":{"start":{"line":141,"column":38},"end":{"line":141,"column":56}},"75":{"start":{"line":142,"column":11},"end":{"line":142,"column":26}},"76":{"start":{"line":145,"column":17},"end":{"line":147,"column":53}},"77":{"start":{"line":146,"column":26},"end":{"line":146,"column":44}},"78":{"start":{"line":147,"column":32},"end":{"line":147,"column":51}},"79":{"start":{"line":149,"column":4},"end":{"line":149,"column":38}},"80":{"start":{"line":151,"column":4},"end":{"line":151,"column":50}},"81":{"start":{"line":152,"column":4},"end":{"line":152,"column":77}},"82":{"start":{"line":106,"column":13},"end":{"line":106,"column":28}},"83":{"start":{"line":157,"column":32},"end":{"line":252,"column":1}},"84":{"start":{"line":158,"column":2},"end":{"line":251,"column":3}},"85":{"start":{"line":159,"column":37},"end":{"line":159,"column":46}},"86":{"start":{"line":161,"column":4},"end":{"line":166,"column":5}},"87":{"start":{"line":162,"column":6},"end":{"line":165,"column":9}},"88":{"start":{"line":168,"column":22},"end":{"line":168,"column":52}},"89":{"start":{"line":169,"column":4},"end":{"line":169,"column":35}},"90":{"start":{"line":170,"column":20},"end":{"line":170,"column":48}},"91":{"start":{"line":171,"column":4},"end":{"line":171,"column":38}},"92":{"start":{"line":174,"column":24},"end":{"line":189,"column":6}},"93":{"start":{"line":192,"column":27},"end":{"line":192,"column":54}},"94":{"start":{"line":195,"column":24},"end":{"line":195,"column":48}},"95":{"start":{"line":196,"column":4},"end":{"line":201,"column":7}},"96":{"start":{"line":197,"column":6},"end":{"line":199,"column":7}},"97":{"start":{"line":198,"column":8},"end":{"line":198,"column":44}},"98":{"start":{"line":200,"column":6},"end":{"line":200,"column":51}},"99":{"start":{"line":204,"column":4},"end":{"line":222,"column":7}},"100":{"start":{"line":205,"column":6},"end":{"line":221,"column":7}},"101":{"start":{"line":205,"column":19},"end":{"line":205,"column":20}},"102":{"start":{"line":206,"column":29},"end":{"line":206,"column":38}},"103":{"start":{"line":207,"column":26},"end":{"line":207,"column":39}},"104":{"start":{"line":208,"column":22},"end":{"line":208,"column":57}},"105":{"start":{"line":209,"column":26},"end":{"line":209,"column":36}},"106":{"start":{"line":211,"column":8},"end":{"line":220,"column":9}},"107":{"start":{"line":212,"column":27},"end":{"line":213,"column":null}},"108":{"start":{"line":216,"column":10},"end":{"line":218,"column":11}},"109":{"start":{"line":217,"column":12},"end":{"line":217,"column":46}},"110":{"start":{"line":219,"column":10},"end":{"line":219,"column":56}},"111":{"start":{"line":224,"column":27},"end":{"line":224,"column":29}},"112":{"start":{"line":225,"column":4},"end":{"line":235,"column":7}},"113":{"start":{"line":226,"column":21},"end":{"line":226,"column":52}},"114":{"start":{"line":226,"column":46},"end":{"line":226,"column":51}},"115":{"start":{"line":227,"column":22},"end":{"line":227,"column":89}},"116":{"start":{"line":227,"column":60},"end":{"line":227,"column":65}},"117":{"start":{"line":228,"column":6},"end":{"line":234,"column":9}},"118":{"start":{"line":237,"column":4},"end":{"line":244,"column":7}},"119":{"start":{"line":246,"column":4},"end":{"line":246,"column":54}},"120":{"start":{"line":247,"column":4},"end":{"line":250,"column":7}},"121":{"start":{"line":157,"column":13},"end":{"line":157,"column":32}},"122":{"start":{"line":255,"column":27},"end":{"line":295,"column":1}},"123":{"start":{"line":256,"column":2},"end":{"line":294,"column":3}},"124":{"start":{"line":257,"column":18},"end":{"line":257,"column":74}},"125":{"start":{"line":258,"column":19},"end":{"line":258,"column":60}},"126":{"start":{"line":260,"column":19},"end":{"line":275,"column":6}},"127":{"start":{"line":277,"column":17},"end":{"line":288,"column":7}},"128":{"start":{"line":277,"column":46},"end":{"line":288,"column":6}},"129":{"start":{"line":290,"column":4},"end":{"line":290,"column":59}},"130":{"start":{"line":292,"column":4},"end":{"line":292,"column":49}},"131":{"start":{"line":293,"column":4},"end":{"line":293,"column":77}},"132":{"start":{"line":255,"column":13},"end":{"line":255,"column":27}}},"fnMap":{"0":{"name":"(anonymous_0)","decl":{"start":{"line":6,"column":31},"end":{"line":6,"column":36}},"loc":{"start":{"line":6,"column":69},"end":{"line":103,"column":1}}},"1":{"name":"(anonymous_1)","decl":{"start":{"line":32,"column":42},"end":{"line":32,"column":43}},"loc":{"start":{"line":32,"column":46},"end":{"line":35,"column":5}}},"2":{"name":"(anonymous_2)","decl":{"start":{"line":36,"column":39},"end":{"line":36,"column":40}},"loc":{"start":{"line":36,"column":43},"end":{"line":39,"column":5}}},"3":{"name":"(anonymous_3)","decl":{"start":{"line":42,"column":33},"end":{"line":42,"column":34}},"loc":{"start":{"line":42,"column":37},"end":{"line":47,"column":5}}},"4":{"name":"(anonymous_4)","decl":{"start":{"line":49,"column":36},"end":{"line":49,"column":37}},"loc":{"start":{"line":49,"column":46},"end":{"line":49,"column":51}}},"5":{"name":"(anonymous_5)","decl":{"start":{"line":56,"column":19},"end":{"line":56,"column":20}},"loc":{"start":{"line":56,"column":23},"end":{"line":66,"column":5}}},"6":{"name":"(anonymous_6)","decl":{"start":{"line":68,"column":24},"end":{"line":68,"column":25}},"loc":{"start":{"line":68,"column":49},"end":{"line":77,"column":5}}},"7":{"name":"(anonymous_7)","decl":{"start":{"line":70,"column":38},"end":{"line":70,"column":39}},"loc":{"start":{"line":70,"column":48},"end":{"line":70,"column":53}}},"8":{"name":"(anonymous_8)","decl":{"start":{"line":106,"column":28},"end":{"line":106,"column":33}},"loc":{"start":{"line":106,"column":66},"end":{"line":154,"column":1}}},"9":{"name":"(anonymous_9)","decl":{"start":{"line":131,"column":19},"end":{"line":131,"column":20}},"loc":{"start":{"line":131,"column":25},"end":{"line":143,"column":5}}},"10":{"name":"(anonymous_10)","decl":{"start":{"line":146,"column":12},"end":{"line":146,"column":13}},"loc":{"start":{"line":146,"column":26},"end":{"line":146,"column":44}}},"11":{"name":"(anonymous_11)","decl":{"start":{"line":147,"column":11},"end":{"line":147,"column":12}},"loc":{"start":{"line":147,"column":32},"end":{"line":147,"column":51}}},"12":{"name":"(anonymous_12)","decl":{"start":{"line":157,"column":32},"end":{"line":157,"column":37}},"loc":{"start":{"line":157,"column":70},"end":{"line":252,"column":1}}},"13":{"name":"(anonymous_13)","decl":{"start":{"line":196,"column":24},"end":{"line":196,"column":29}},"loc":{"start":{"line":196,"column":32},"end":{"line":201,"column":5}}},"14":{"name":"(anonymous_14)","decl":{"start":{"line":204,"column":24},"end":{"line":204,"column":30}},"loc":{"start":{"line":204,"column":33},"end":{"line":222,"column":5}}},"15":{"name":"(anonymous_15)","decl":{"start":{"line":225,"column":27},"end":{"line":225,"column":28}},"loc":{"start":{"line":225,"column":52},"end":{"line":235,"column":5}}},"16":{"name":"(anonymous_16)","decl":{"start":{"line":226,"column":36},"end":{"line":226,"column":37}},"loc":{"start":{"line":226,"column":46},"end":{"line":226,"column":51}}},"17":{"name":"(anonymous_17)","decl":{"start":{"line":227,"column":50},"end":{"line":227,"column":51}},"loc":{"start":{"line":227,"column":60},"end":{"line":227,"column":65}}},"18":{"name":"(anonymous_18)","decl":{"start":{"line":255,"column":27},"end":{"line":255,"column":32}},"loc":{"start":{"line":255,"column":65},"end":{"line":295,"column":1}}},"19":{"name":"(anonymous_19)","decl":{"start":{"line":277,"column":33},"end":{"line":277,"column":34}},"loc":{"start":{"line":277,"column":46},"end":{"line":288,"column":6}}}},"branchMap":{"0":{"loc":{"start":{"line":10,"column":23},"end":{"line":10,"column":67}},"type":"cond-expr","locations":[{"start":{"line":10,"column":30},"end":{"line":10,"column":54}},{"start":{"line":10,"column":57},"end":{"line":10,"column":67}}]},"1":{"loc":{"start":{"line":43,"column":32},"end":{"line":43,"column":56}},"type":"binary-expr","locations":[{"start":{"line":43,"column":32},"end":{"line":43,"column":51}},{"start":{"line":43,"column":55},"end":{"line":43,"column":56}}]},"2":{"loc":{"start":{"line":44,"column":32},"end":{"line":44,"column":80}},"type":"binary-expr","locations":[{"start":{"line":44,"column":32},"end":{"line":44,"column":51}},{"start":{"line":44,"column":56},"end":{"line":44,"column":75}},{"start":{"line":44,"column":79},"end":{"line":44,"column":80}}]},"3":{"loc":{"start":{"line":46,"column":13},"end":{"line":46,"column":38}},"type":"cond-expr","locations":[{"start":{"line":46,"column":30},"end":{"line":46,"column":34}},{"start":{"line":46,"column":37},"end":{"line":46,"column":38}}]},"4":{"loc":{"start":{"line":48,"column":28},"end":{"line":50,"column":9}},"type":"cond-expr","locations":[{"start":{"line":49,"column":8},"end":{"line":49,"column":75}},{"start":{"line":50,"column":8},"end":{"line":50,"column":9}}]},"5":{"loc":{"start":{"line":58,"column":6},"end":{"line":58,"column":31}},"type":"if","locations":[{"start":{"line":58,"column":6},"end":{"line":58,"column":31}}]},"6":{"loc":{"start":{"line":59,"column":6},"end":{"line":61,"column":7}},"type":"if","locations":[{"start":{"line":59,"column":6},"end":{"line":61,"column":7}}]},"7":{"loc":{"start":{"line":62,"column":32},"end":{"line":62,"column":56}},"type":"binary-expr","locations":[{"start":{"line":62,"column":32},"end":{"line":62,"column":51}},{"start":{"line":62,"column":55},"end":{"line":62,"column":56}}]},"8":{"loc":{"start":{"line":63,"column":32},"end":{"line":63,"column":80}},"type":"binary-expr","locations":[{"start":{"line":63,"column":32},"end":{"line":63,"column":51}},{"start":{"line":63,"column":56},"end":{"line":63,"column":75}},{"start":{"line":63,"column":79},"end":{"line":63,"column":80}}]},"9":{"loc":{"start":{"line":65,"column":6},"end":{"line":65,"column":74}},"type":"if","locations":[{"start":{"line":65,"column":6},"end":{"line":65,"column":74}}]},"10":{"loc":{"start":{"line":69,"column":26},"end":{"line":71,"column":11}},"type":"cond-expr","locations":[{"start":{"line":70,"column":10},"end":{"line":70,"column":77}},{"start":{"line":71,"column":10},"end":{"line":71,"column":11}}]},"11":{"loc":{"start":{"line":81,"column":28},"end":{"line":81,"column":122}},"type":"cond-expr","locations":[{"start":{"line":81,"column":46},"end":{"line":81,"column":118}},{"start":{"line":81,"column":121},"end":{"line":81,"column":122}}]},"12":{"loc":{"start":{"line":92,"column":29},"end":{"line":92,"column":72}},"type":"binary-expr","locations":[{"start":{"line":92,"column":29},"end":{"line":92,"column":67}},{"start":{"line":92,"column":71},"end":{"line":92,"column":72}}]},"13":{"loc":{"start":{"line":109,"column":4},"end":{"line":111,"column":5}},"type":"if","locations":[{"start":{"line":109,"column":4},"end":{"line":111,"column":5}}]},"14":{"loc":{"start":{"line":109,"column":8},"end":{"line":109,"column":32}},"type":"binary-expr","locations":[{"start":{"line":109,"column":8},"end":{"line":109,"column":19}},{"start":{"line":109,"column":23},"end":{"line":109,"column":32}}]},"15":{"loc":{"start":{"line":133,"column":6},"end":{"line":133,"column":22}},"type":"if","locations":[{"start":{"line":133,"column":6},"end":{"line":133,"column":22}}]},"16":{"loc":{"start":{"line":135,"column":6},"end":{"line":135,"column":41}},"type":"if","locations":[{"start":{"line":135,"column":6},"end":{"line":135,"column":41}}]},"17":{"loc":{"start":{"line":138,"column":6},"end":{"line":138,"column":25}},"type":"if","locations":[{"start":{"line":138,"column":6},"end":{"line":138,"column":25}}]},"18":{"loc":{"start":{"line":141,"column":6},"end":{"line":142,"column":26}},"type":"if","locations":[{"start":{"line":141,"column":6},"end":{"line":142,"column":26}},{"start":{"line":142,"column":11},"end":{"line":142,"column":26}}]},"19":{"loc":{"start":{"line":161,"column":4},"end":{"line":166,"column":5}},"type":"if","locations":[{"start":{"line":161,"column":4},"end":{"line":166,"column":5}}]},"20":{"loc":{"start":{"line":161,"column":8},"end":{"line":161,"column":32}},"type":"binary-expr","locations":[{"start":{"line":161,"column":8},"end":{"line":161,"column":19}},{"start":{"line":161,"column":23},"end":{"line":161,"column":32}}]},"21":{"loc":{"start":{"line":197,"column":6},"end":{"line":199,"column":7}},"type":"if","locations":[{"start":{"line":197,"column":6},"end":{"line":199,"column":7}}]},"22":{"loc":{"start":{"line":211,"column":8},"end":{"line":220,"column":9}},"type":"if","locations":[{"start":{"line":211,"column":8},"end":{"line":220,"column":9}}]},"23":{"loc":{"start":{"line":216,"column":10},"end":{"line":218,"column":11}},"type":"if","locations":[{"start":{"line":216,"column":10},"end":{"line":218,"column":11}}]},"24":{"loc":{"start":{"line":257,"column":27},"end":{"line":257,"column":68}},"type":"binary-expr","locations":[{"start":{"line":257,"column":27},"end":{"line":257,"column":62}},{"start":{"line":257,"column":66},"end":{"line":257,"column":68}}]},"25":{"loc":{"start":{"line":258,"column":19},"end":{"line":258,"column":60}},"type":"binary-expr","locations":[{"start":{"line":258,"column":19},"end":{"line":258,"column":55}},{"start":{"line":258,"column":59},"end":{"line":258,"column":60}}]},"26":{"loc":{"start":{"line":279,"column":18},"end":{"line":279,"column":45}},"type":"binary-expr","locations":[{"start":{"line":279,"column":18},"end":{"line":279,"column":29}},{"start":{"line":279,"column":33},"end":{"line":279,"column":45}}]},"27":{"loc":{"start":{"line":280,"column":25},"end":{"line":280,"column":59}},"type":"binary-expr","locations":[{"start":{"line":280,"column":25},"end":{"line":280,"column":51}},{"start":{"line":280,"column":55},"end":{"line":280,"column":59}}]},"28":{"loc":{"start":{"line":281,"column":20},"end":{"line":283,"column":14}},"type":"cond-expr","locations":[{"start":{"line":282,"column":10},"end":{"line":282,"column":70}},{"start":{"line":283,"column":10},"end":{"line":283,"column":14}}]},"29":{"loc":{"start":{"line":284,"column":18},"end":{"line":284,"column":94}},"type":"cond-expr","locations":[{"start":{"line":284,"column":33},"end":{"line":284,"column":87}},{"start":{"line":284,"column":90},"end":{"line":284,"column":94}}]},"30":{"loc":{"start":{"line":285,"column":18},"end":{"line":285,"column":94}},"type":"cond-expr","locations":[{"start":{"line":285,"column":33},"end":{"line":285,"column":87}},{"start":{"line":285,"column":90},"end":{"line":285,"column":94}}]},"31":{"loc":{"start":{"line":286,"column":18},"end":{"line":286,"column":107}},"type":"cond-expr","locations":[{"start":{"line":286,"column":38},"end":{"line":286,"column":100}},{"start":{"line":286,"column":103},"end":{"line":286,"column":107}}]},"32":{"loc":{"start":{"line":287,"column":13},"end":{"line":287,"column":28}},"type":"binary-expr","locations":[{"start":{"line":287,"column":13},"end":{"line":287,"column":20}},{"start":{"line":287,"column":24},"end":{"line":287,"column":28}}]}},"s":{"0":9,"1":9,"2":9,"3":2,"4":2,"5":2,"6":2,"7":2,"8":2,"9":2,"10":2,"11":2,"12":2,"13":2,"14":2,"15":2,"16":2,"17":2,"18":2,"19":2,"20":2,"21":2,"22":2,"23":2,"24":2,"25":2,"26":2,"27":2,"28":0,"29":2,"30":2,"31":2,"32":2,"33":2,"34":2,"35":2,"36":2,"37":2,"38":2,"39":2,"40":2,"41":2,"42":2,"43":0,"44":0,"45":9,"46":9,"47":4,"48":4,"49":4,"50":2,"51":2,"52":2,"53":2,"54":2,"55":2,"56":2,"57":2,"58":2,"59":6,"60":2,"61":1,"62":1,"63":0,"64":1,"65":1,"66":0,"67":1,"68":1,"69":1,"70":0,"71":1,"72":1,"73":1,"74":1,"75":0,"76":2,"77":4,"78":6,"79":2,"80":0,"81":0,"82":9,"83":9,"84":3,"85":3,"86":3,"87":1,"88":2,"89":2,"90":2,"91":2,"92":2,"93":2,"94":2,"95":2,"96":3,"97":1,"98":3,"99":2,"100":1,"101":1,"102":3,"103":3,"104":3,"105":3,"106":3,"107":2,"108":2,"109":2,"110":2,"111":2,"112":2,"113":2,"114":0,"115":2,"116":2,"117":2,"118":2,"119":0,"120":0,"121":9,"122":9,"123":3,"124":3,"125":3,"126":3,"127":3,"128":1,"129":3,"130":0,"131":0,"132":9},"f":{"0":2,"1":2,"2":2,"3":2,"4":2,"5":2,"6":2,"7":2,"8":4,"9":1,"10":4,"11":6,"12":3,"13":3,"14":1,"15":2,"16":0,"17":2,"18":3,"19":1},"b":{"0":[1,1],"1":[2,0],"2":[2,0,0],"3":[2,0],"4":[1,1],"5":[0],"6":[2],"7":[2,0],"8":[2,0,0],"9":[2],"10":[2,0],"11":[1,1],"12":[2,1],"13":[2],"14":[4,3],"15":[0],"16":[0],"17":[0],"18":[1,0],"19":[1],"20":[3,2],"21":[1],"22":[2],"23":[2],"24":[3,1],"25":[3,3],"26":[1,0],"27":[1,0],"28":[1,0],"29":[1,0],"30":[1,0],"31":[1,0],"32":[1,0]}}
,"C:\\Users\\pc\\Work\\Operatingtheatre\\server\\src\\controllers\\roomController.ts": {"path":"C:\\Users\\pc\\Work\\Operatingtheatre\\server\\src\\controllers\\roomController.ts","statementMap":{"0":{"start":{"line":2,"column":0},"end":{"line":2,"column":73}},"1":{"start":{"line":13,"column":24},"end":{"line":93,"column":1}},"2":{"start":{"line":14,"column":2},"end":{"line":92,"column":3}},"3":{"start":{"line":15,"column":23},"end":{"line":15,"column":54}},"4":{"start":{"line":16,"column":18},"end":{"line":39,"column":6}},"5":{"start":{"line":41,"column":27},"end":{"line":80,"column":6}},"6":{"start":{"line":42,"column":28},"end":{"line":53,"column":8}},"7":{"start":{"line":55,"column":6},"end":{"line":63,"column":7}},"8":{"start":{"line":56,"column":22},"end":{"line":56,"column":54}},"9":{"start":{"line":57,"column":24},"end":{"line":57,"column":37}},"10":{"start":{"line":58,"column":8},"end":{"line":62,"column":10}},"11":{"start":{"line":65,"column":6},"end":{"line":77,"column":7}},"12":{"start":{"line":66,"column":22},"end":{"line":66,"column":55}},"13":{"start":{"line":67,"column":20},"end":{"line":67,"column":30}},"14":{"start":{"line":68,"column":29},"end":{"line":68,"column":61}},"15":{"start":{"line":69,"column":33},"end":{"line":69,"column":106}},"16":{"start":{"line":71,"column":8},"end":{"line":76,"column":10}},"17":{"start":{"line":79,"column":6},"end":{"line":79,"column":22}},"18":{"start":{"line":82,"column":4},"end":{"line":85,"column":7}},"19":{"start":{"line":87,"column":4},"end":{"line":87,"column":45}},"20":{"start":{"line":88,"column":4},"end":{"line":91,"column":7}},"21":{"start":{"line":13,"column":13},"end":{"line":13,"column":24}},"22":{"start":{"line":96,"column":27},"end":{"line":184,"column":1}},"23":{"start":{"line":97,"column":2},"end":{"line":183,"column":3}},"24":{"start":{"line":98,"column":19},"end":{"line":98,"column":29}},"25":{"start":{"line":100,"column":17},"end":{"line":125,"column":6}},"26":{"start":{"line":127,"column":4},"end":{"line":132,"column":5}},"27":{"start":{"line":128,"column":6},"end":{"line":131,"column":9}},"28":{"start":{"line":134,"column":26},"end":{"line":145,"column":6}},"29":{"start":{"line":147,"column":4},"end":{"line":171,"column":5}},"30":{"start":{"line":148,"column":20},"end":{"line":148,"column":52}},"31":{"start":{"line":149,"column":22},"end":{"line":149,"column":35}},"32":{"start":{"line":150,"column":30},"end":{"line":150,"column":101}},"33":{"start":{"line":152,"column":6},"end":{"line":161,"column":8}},"34":{"start":{"line":163,"column":6},"end":{"line":170,"column":9}},"35":{"start":{"line":173,"column":4},"end":{"line":176,"column":7}},"36":{"start":{"line":178,"column":4},"end":{"line":178,"column":50}},"37":{"start":{"line":179,"column":4},"end":{"line":182,"column":7}},"38":{"start":{"line":96,"column":13},"end":{"line":96,"column":27}},"39":{"start":{"line":187,"column":32},"end":{"line":252,"column":1}},"40":{"start":{"line":188,"column":2},"end":{"line":251,"column":3}},"41":{"start":{"line":189,"column":19},"end":{"line":189,"column":29}},"42":{"start":{"line":190,"column":31},"end":{"line":190,"column":39}},"43":{"start":{"line":192,"column":28},"end":{"line":192,"column":80}},"44":{"start":{"line":194,"column":4},"end":{"line":199,"column":5}},"45":{"start":{"line":195,"column":6},"end":{"line":198,"column":9}},"46":{"start":{"line":201,"column":4},"end":{"line":207,"column":5}},"47":{"start":{"line":202,"column":6},"end":{"line":206,"column":9}},"48":{"start":{"line":209,"column":17},"end":{"line":209,"column":42}},"49":{"start":{"line":211,"column":4},"end":{"line":216,"column":5}},"50":{"start":{"line":212,"column":6},"end":{"line":215,"column":9}},"51":{"start":{"line":218,"column":4},"end":{"line":218,"column":25}},"52":{"start":{"line":219,"column":4},"end":{"line":219,"column":41}},"53":{"start":{"line":220,"column":4},"end":{"line":220,"column":22}},"54":{"start":{"line":223,"column":4},"end":{"line":234,"column":5}},"55":{"start":{"line":224,"column":6},"end":{"line":224,"column":85}},"56":{"start":{"line":225,"column":24},"end":{"line":225,"column":34}},"57":{"start":{"line":226,"column":6},"end":{"line":233,"column":9}},"58":{"start":{"line":236,"column":4},"end":{"line":244,"column":7}},"59":{"start":{"line":246,"column":4},"end":{"line":246,"column":54}},"60":{"start":{"line":247,"column":4},"end":{"line":250,"column":7}},"61":{"start":{"line":187,"column":13},"end":{"line":187,"column":32}},"62":{"start":{"line":255,"column":26},"end":{"line":290,"column":1}},"63":{"start":{"line":256,"column":2},"end":{"line":289,"column":3}},"64":{"start":{"line":257,"column":4},"end":{"line":259,"column":5}},"65":{"start":{"line":258,"column":6},"end":{"line":258,"column":86}},"66":{"start":{"line":261,"column":57},"end":{"line":261,"column":65}},"67":{"start":{"line":263,"column":4},"end":{"line":265,"column":5}},"68":{"start":{"line":264,"column":6},"end":{"line":264,"column":98}},"69":{"start":{"line":267,"column":21},"end":{"line":267,"column":69}},"70":{"start":{"line":268,"column":4},"end":{"line":270,"column":5}},"71":{"start":{"line":269,"column":6},"end":{"line":269,"column":91}},"72":{"start":{"line":272,"column":17},"end":{"line":280,"column":6}},"73":{"start":{"line":282,"column":4},"end":{"line":285,"column":7}},"74":{"start":{"line":287,"column":4},"end":{"line":287,"column":47}},"75":{"start":{"line":288,"column":4},"end":{"line":288,"column":77}},"76":{"start":{"line":255,"column":13},"end":{"line":255,"column":26}},"77":{"start":{"line":293,"column":26},"end":{"line":321,"column":1}},"78":{"start":{"line":294,"column":2},"end":{"line":320,"column":3}},"79":{"start":{"line":295,"column":4},"end":{"line":297,"column":5}},"80":{"start":{"line":296,"column":6},"end":{"line":296,"column":86}},"81":{"start":{"line":299,"column":19},"end":{"line":299,"column":29}},"82":{"start":{"line":300,"column":53},"end":{"line":300,"column":61}},"83":{"start":{"line":302,"column":17},"end":{"line":302,"column":42}},"84":{"start":{"line":303,"column":4},"end":{"line":305,"column":5}},"85":{"start":{"line":304,"column":6},"end":{"line":304,"column":79}},"86":{"start":{"line":307,"column":4},"end":{"line":307,"column":45}},"87":{"start":{"line":307,"column":28},"end":{"line":307,"column":45}},"88":{"start":{"line":308,"column":4},"end":{"line":308,"column":66}},"89":{"start":{"line":308,"column":35},"end":{"line":308,"column":66}},"90":{"start":{"line":309,"column":4},"end":{"line":309,"column":60}},"91":{"start":{"line":309,"column":33},"end":{"line":309,"column":60}},"92":{"start":{"line":310,"column":4},"end":{"line":310,"column":51}},"93":{"start":{"line":310,"column":30},"end":{"line":310,"column":51}},"94":{"start":{"line":311,"column":4},"end":{"line":311,"column":22}},"95":{"start":{"line":313,"column":4},"end":{"line":316,"column":7}},"96":{"start":{"line":318,"column":4},"end":{"line":318,"column":47}},"97":{"start":{"line":319,"column":4},"end":{"line":319,"column":77}},"98":{"start":{"line":293,"column":13},"end":{"line":293,"column":26}},"99":{"start":{"line":324,"column":26},"end":{"line":344,"column":1}},"100":{"start":{"line":325,"column":2},"end":{"line":343,"column":3}},"101":{"start":{"line":326,"column":4},"end":{"line":328,"column":5}},"102":{"start":{"line":327,"column":6},"end":{"line":327,"column":86}},"103":{"start":{"line":330,"column":19},"end":{"line":330,"column":29}},"104":{"start":{"line":331,"column":17},"end":{"line":331,"column":42}},"105":{"start":{"line":332,"column":4},"end":{"line":334,"column":5}},"106":{"start":{"line":333,"column":6},"end":{"line":333,"column":79}},"107":{"start":{"line":336,"column":4},"end":{"line":336,"column":24}},"108":{"start":{"line":337,"column":4},"end":{"line":337,"column":22}},"109":{"start":{"line":339,"column":4},"end":{"line":339,"column":61}},"110":{"start":{"line":341,"column":4},"end":{"line":341,"column":47}},"111":{"start":{"line":342,"column":4},"end":{"line":342,"column":77}},"112":{"start":{"line":324,"column":13},"end":{"line":324,"column":26}},"113":{"start":{"line":347,"column":29},"end":{"line":400,"column":1}},"114":{"start":{"line":348,"column":2},"end":{"line":399,"column":3}},"115":{"start":{"line":349,"column":19},"end":{"line":349,"column":29}},"116":{"start":{"line":350,"column":48},"end":{"line":350,"column":56}},"117":{"start":{"line":352,"column":17},"end":{"line":352,"column":42}},"118":{"start":{"line":354,"column":4},"end":{"line":359,"column":5}},"119":{"start":{"line":355,"column":6},"end":{"line":358,"column":9}},"120":{"start":{"line":361,"column":22},"end":{"line":361,"column":32}},"121":{"start":{"line":362,"column":27},"end":{"line":362,"column":83}},"122":{"start":{"line":364,"column":26},"end":{"line":371,"column":6}},"123":{"start":{"line":373,"column":4},"end":{"line":373,"column":29}},"124":{"start":{"line":374,"column":4},"end":{"line":374,"column":41}},"125":{"start":{"line":375,"column":4},"end":{"line":375,"column":22}},"126":{"start":{"line":377,"column":4},"end":{"line":392,"column":7}},"127":{"start":{"line":394,"column":4},"end":{"line":394,"column":50}},"128":{"start":{"line":395,"column":4},"end":{"line":398,"column":7}},"129":{"start":{"line":347,"column":13},"end":{"line":347,"column":29}},"130":{"start":{"line":403,"column":32},"end":{"line":448,"column":1}},"131":{"start":{"line":404,"column":2},"end":{"line":447,"column":3}},"132":{"start":{"line":405,"column":19},"end":{"line":405,"column":29}},"133":{"start":{"line":406,"column":32},"end":{"line":406,"column":40}},"134":{"start":{"line":408,"column":17},"end":{"line":408,"column":42}},"135":{"start":{"line":410,"column":4},"end":{"line":415,"column":5}},"136":{"start":{"line":411,"column":6},"end":{"line":414,"column":9}},"137":{"start":{"line":417,"column":26},"end":{"line":420,"column":6}},"138":{"start":{"line":422,"column":4},"end":{"line":428,"column":5}},"139":{"start":{"line":423,"column":6},"end":{"line":423,"column":37}},"140":{"start":{"line":424,"column":6},"end":{"line":424,"column":47}},"141":{"start":{"line":425,"column":6},"end":{"line":425,"column":47}},"142":{"start":{"line":426,"column":6},"end":{"line":426,"column":62}},"143":{"start":{"line":427,"column":6},"end":{"line":427,"column":33}},"144":{"start":{"line":430,"column":4},"end":{"line":430,"column":30}},"145":{"start":{"line":431,"column":4},"end":{"line":431,"column":41}},"146":{"start":{"line":432,"column":4},"end":{"line":432,"column":22}},"147":{"start":{"line":434,"column":4},"end":{"line":440,"column":7}},"148":{"start":{"line":442,"column":4},"end":{"line":442,"column":53}},"149":{"start":{"line":443,"column":4},"end":{"line":446,"column":7}},"150":{"start":{"line":403,"column":13},"end":{"line":403,"column":32}}},"fnMap":{"0":{"name":"(anonymous_0)","decl":{"start":{"line":13,"column":24},"end":{"line":13,"column":29}},"loc":{"start":{"line":13,"column":62},"end":{"line":93,"column":1}}},"1":{"name":"(anonymous_1)","decl":{"start":{"line":41,"column":37},"end":{"line":41,"column":41}},"loc":{"start":{"line":41,"column":44},"end":{"line":80,"column":5}}},"2":{"name":"(anonymous_2)","decl":{"start":{"line":96,"column":27},"end":{"line":96,"column":32}},"loc":{"start":{"line":96,"column":65},"end":{"line":184,"column":1}}},"3":{"name":"(anonymous_3)","decl":{"start":{"line":187,"column":32},"end":{"line":187,"column":37}},"loc":{"start":{"line":187,"column":74},"end":{"line":252,"column":1}}},"4":{"name":"(anonymous_4)","decl":{"start":{"line":255,"column":26},"end":{"line":255,"column":31}},"loc":{"start":{"line":255,"column":68},"end":{"line":290,"column":1}}},"5":{"name":"(anonymous_5)","decl":{"start":{"line":293,"column":26},"end":{"line":293,"column":31}},"loc":{"start":{"line":293,"column":68},"end":{"line":321,"column":1}}},"6":{"name":"(anonymous_6)","decl":{"start":{"line":324,"column":26},"end":{"line":324,"column":31}},"loc":{"start":{"line":324,"column":68},"end":{"line":344,"column":1}}},"7":{"name":"(anonymous_7)","decl":{"start":{"line":347,"column":29},"end":{"line":347,"column":34}},"loc":{"start":{"line":347,"column":71},"end":{"line":400,"column":1}}},"8":{"name":"(anonymous_8)","decl":{"start":{"line":403,"column":32},"end":{"line":403,"column":37}},"loc":{"start":{"line":403,"column":74},"end":{"line":448,"column":1}}}},"branchMap":{"0":{"loc":{"start":{"line":17,"column":13},"end":{"line":17,"column":47}},"type":"cond-expr","locations":[{"start":{"line":17,"column":26},"end":{"line":17,"column":28}},{"start":{"line":17,"column":31},"end":{"line":17,"column":47}}]},"1":{"loc":{"start":{"line":55,"column":6},"end":{"line":63,"column":7}},"type":"if","locations":[{"start":{"line":55,"column":6},"end":{"line":63,"column":7}}]},"2":{"loc":{"start":{"line":65,"column":6},"end":{"line":77,"column":7}},"type":"if","locations":[{"start":{"line":65,"column":6},"end":{"line":77,"column":7}}]},"3":{"loc":{"start":{"line":127,"column":4},"end":{"line":132,"column":5}},"type":"if","locations":[{"start":{"line":127,"column":4},"end":{"line":132,"column":5}}]},"4":{"loc":{"start":{"line":147,"column":4},"end":{"line":171,"column":5}},"type":"if","locations":[{"start":{"line":147,"column":4},"end":{"line":171,"column":5}}]},"5":{"loc":{"start":{"line":194,"column":4},"end":{"line":199,"column":5}},"type":"if","locations":[{"start":{"line":194,"column":4},"end":{"line":199,"column":5}}]},"6":{"loc":{"start":{"line":201,"column":4},"end":{"line":207,"column":5}},"type":"if","locations":[{"start":{"line":201,"column":4},"end":{"line":207,"column":5}}]},"7":{"loc":{"start":{"line":211,"column":4},"end":{"line":216,"column":5}},"type":"if","locations":[{"start":{"line":211,"column":4},"end":{"line":216,"column":5}}]},"8":{"loc":{"start":{"line":223,"column":4},"end":{"line":234,"column":5}},"type":"if","locations":[{"start":{"line":223,"column":4},"end":{"line":234,"column":5}}]},"9":{"loc":{"start":{"line":257,"column":4},"end":{"line":259,"column":5}},"type":"if","locations":[{"start":{"line":257,"column":4},"end":{"line":259,"column":5}}]},"10":{"loc":{"start":{"line":257,"column":8},"end":{"line":257,"column":46}},"type":"binary-expr","locations":[{"start":{"line":257,"column":8},"end":{"line":257,"column":17}},{"start":{"line":257,"column":21},"end":{"line":257,"column":46}}]},"11":{"loc":{"start":{"line":261,"column":31},"end":{"line":261,"column":52}},"type":"default-arg","locations":[{"start":{"line":261,"column":43},"end":{"line":261,"column":52}}]},"12":{"loc":{"start":{"line":263,"column":4},"end":{"line":265,"column":5}},"type":"if","locations":[{"start":{"line":263,"column":4},"end":{"line":265,"column":5}}]},"13":{"loc":{"start":{"line":263,"column":8},"end":{"line":263,"column":29}},"type":"binary-expr","locations":[{"start":{"line":263,"column":8},"end":{"line":263,"column":13}},{"start":{"line":263,"column":17},"end":{"line":263,"column":29}}]},"14":{"loc":{"start":{"line":268,"column":4},"end":{"line":270,"column":5}},"type":"if","locations":[{"start":{"line":268,"column":4},"end":{"line":270,"column":5}}]},"15":{"loc":{"start":{"line":295,"column":4},"end":{"line":297,"column":5}},"type":"if","locations":[{"start":{"line":295,"column":4},"end":{"line":297,"column":5}}]},"16":{"loc":{"start":{"line":295,"column":8},"end":{"line":295,"column":46}},"type":"binary-expr","locations":[{"start":{"line":295,"column":8},"end":{"line":295,"column":17}},{"start":{"line":295,"column":21},"end":{"line":295,"column":46}}]},"17":{"loc":{"start":{"line":303,"column":4},"end":{"line":305,"column":5}},"type":"if","locations":[{"start":{"line":303,"column":4},"end":{"line":305,"column":5}}]},"18":{"loc":{"start":{"line":307,"column":4},"end":{"line":307,"column":45}},"type":"if","locations":[{"start":{"line":307,"column":4},"end":{"line":307,"column":45}}]},"19":{"loc":{"start":{"line":308,"column":4},"end":{"line":308,"column":66}},"type":"if","locations":[{"start":{"line":308,"column":4},"end":{"line":308,"column":66}}]},"20":{"loc":{"start":{"line":309,"column":4},"end":{"line":309,"column":60}},"type":"if","locations":[{"start":{"line":309,"column":4},"end":{"line":309,"column":60}}]},"21":{"loc":{"start":{"line":310,"column":4},"end":{"line":310,"column":51}},"type":"if","locations":[{"start":{"line":310,"column":4},"end":{"line":310,"column":51}}]},"22":{"loc":{"start":{"line":326,"column":4},"end":{"line":328,"column":5}},"type":"if","locations":[{"start":{"line":326,"column":4},"end":{"line":328,"column":5}}]},"23":{"loc":{"start":{"line":326,"column":8},"end":{"line":326,"column":46}},"type":"binary-expr","locations":[{"start":{"line":326,"column":8},"end":{"line":326,"column":17}},{"start":{"line":326,"column":21},"end":{"line":326,"column":46}}]},"24":{"loc":{"start":{"line":332,"column":4},"end":{"line":334,"column":5}},"type":"if","locations":[{"start":{"line":332,"column":4},"end":{"line":334,"column":5}}]},"25":{"loc":{"start":{"line":350,"column":12},"end":{"line":350,"column":33}},"type":"default-arg","locations":[{"start":{"line":350,"column":31},"end":{"line":350,"column":33}}]},"26":{"loc":{"start":{"line":354,"column":4},"end":{"line":359,"column":5}},"type":"if","locations":[{"start":{"line":354,"column":4},"end":{"line":359,"column":5}}]},"27":{"loc":{"start":{"line":366,"column":16},"end":{"line":366,"column":32}},"type":"binary-expr","locations":[{"start":{"line":366,"column":16},"end":{"line":366,"column":24}},{"start":{"line":366,"column":28},"end":{"line":366,"column":32}}]},"28":{"loc":{"start":{"line":410,"column":4},"end":{"line":415,"column":5}},"type":"if","locations":[{"start":{"line":410,"column":4},"end":{"line":415,"column":5}}]},"29":{"loc":{"start":{"line":422,"column":4},"end":{"line":428,"column":5}},"type":"if","locations":[{"start":{"line":422,"column":4},"end":{"line":428,"column":5}}]},"30":{"loc":{"start":{"line":426,"column":38},"end":{"line":426,"column":61}},"type":"binary-expr","locations":[{"start":{"line":426,"column":38},"end":{"line":426,"column":53}},{"start":{"line":426,"column":57},"end":{"line":426,"column":61}}]},"31":{"loc":{"start":{"line":437,"column":22},"end":{"line":439,"column":14}},"type":"cond-expr","locations":[{"start":{"line":438,"column":10},"end":{"line":438,"column":170}},{"start":{"line":439,"column":10},"end":{"line":439,"column":14}}]}},"s":{"0":9,"1":9,"2":2,"3":2,"4":2,"5":2,"6":1,"7":1,"8":0,"9":0,"10":0,"11":1,"12":0,"13":0,"14":0,"15":0,"16":0,"17":1,"18":2,"19":0,"20":0,"21":9,"22":9,"23":2,"24":2,"25":2,"26":2,"27":1,"28":1,"29":1,"30":0,"31":0,"32":0,"33":0,"34":0,"35":1,"36":0,"37":0,"38":9,"39":9,"40":5,"41":5,"42":5,"43":5,"44":5,"45":1,"46":4,"47":1,"48":3,"49":3,"50":1,"51":2,"52":2,"53":2,"54":2,"55":1,"56":1,"57":1,"58":2,"59":0,"60":0,"61":9,"62":9,"63":4,"64":4,"65":1,"66":3,"67":3,"68":1,"69":2,"70":2,"71":1,"72":1,"73":1,"74":0,"75":0,"76":9,"77":9,"78":3,"79":3,"80":1,"81":2,"82":2,"83":2,"84":2,"85":1,"86":1,"87":1,"88":1,"89":0,"90":1,"91":0,"92":1,"93":0,"94":1,"95":1,"96":0,"97":0,"98":9,"99":9,"100":3,"101":3,"102":1,"103":2,"104":2,"105":2,"106":1,"107":1,"108":1,"109":1,"110":0,"111":0,"112":9,"113":9,"114":2,"115":2,"116":2,"117":2,"118":2,"119":1,"120":1,"121":1,"122":1,"123":1,"124":1,"125":1,"126":1,"127":0,"128":0,"129":9,"130":9,"131":3,"132":3,"133":3,"134":3,"135":3,"136":1,"137":2,"138":2,"139":1,"140":1,"141":1,"142":1,"143":1,"144":2,"145":2,"146":2,"147":2,"148":0,"149":0,"150":9},"f":{"0":2,"1":1,"2":2,"3":5,"4":4,"5":3,"6":3,"7":2,"8":3},"b":{"0":[0,2],"1":[0],"2":[0],"3":[1],"4":[0],"5":[1],"6":[1],"7":[1],"8":[1],"9":[1],"10":[4,4],"11":[3],"12":[1],"13":[3,3],"14":[1],"15":[1],"16":[3,3],"17":[1],"18":[1],"19":[0],"20":[0],"21":[0],"22":[1],"23":[3,3],"24":[1],"25":[1],"26":[1],"27":[1,1],"28":[1],"29":[1],"30":[1,0],"31":[1,1]}}
,"C:\\Users\\pc\\Work\\Operatingtheatre\\server\\src\\controllers\\stageController.ts": {"path":"C:\\Users\\pc\\Work\\Operatingtheatre\\server\\src\\controllers\\stageController.ts","statementMap":{"0":{"start":{"line":2,"column":0},"end":{"line":2,"column":91}},"1":{"start":{"line":3,"column":0},"end":{"line":3,"column":56}},"2":{"start":{"line":4,"column":0},"end":{"line":4,"column":47}},"3":{"start":{"line":5,"column":0},"end":{"line":5,"column":71}},"4":{"start":{"line":19,"column":32},"end":{"line":312,"column":1}},"5":{"start":{"line":20,"column":22},"end":{"line":20,"column":51}},"6":{"start":{"line":22,"column":2},"end":{"line":311,"column":3}},"7":{"start":{"line":23,"column":19},"end":{"line":23,"column":29}},"8":{"start":{"line":24,"column":63},"end":{"line":24,"column":71}},"9":{"start":{"line":27,"column":4},"end":{"line":33,"column":5}},"10":{"start":{"line":28,"column":6},"end":{"line":28,"column":35}},"11":{"start":{"line":29,"column":6},"end":{"line":32,"column":9}},"12":{"start":{"line":36,"column":4},"end":{"line":42,"column":5}},"13":{"start":{"line":37,"column":6},"end":{"line":37,"column":35}},"14":{"start":{"line":38,"column":6},"end":{"line":41,"column":9}},"15":{"start":{"line":45,"column":18},"end":{"line":54,"column":6}},"16":{"start":{"line":56,"column":4},"end":{"line":62,"column":5}},"17":{"start":{"line":57,"column":6},"end":{"line":57,"column":35}},"18":{"start":{"line":58,"column":6},"end":{"line":61,"column":9}},"19":{"start":{"line":65,"column":20},"end":{"line":65,"column":70}},"20":{"start":{"line":66,"column":4},"end":{"line":72,"column":5}},"21":{"start":{"line":67,"column":6},"end":{"line":67,"column":35}},"22":{"start":{"line":68,"column":6},"end":{"line":71,"column":9}},"23":{"start":{"line":74,"column":4},"end":{"line":80,"column":5}},"24":{"start":{"line":75,"column":6},"end":{"line":75,"column":35}},"25":{"start":{"line":76,"column":6},"end":{"line":79,"column":9}},"26":{"start":{"line":83,"column":22},"end":{"line":83,"column":55}},"27":{"start":{"line":84,"column":4},"end":{"line":90,"column":5}},"28":{"start":{"line":85,"column":6},"end":{"line":85,"column":35}},"29":{"start":{"line":86,"column":6},"end":{"line":89,"column":9}},"30":{"start":{"line":91,"column":4},"end":{"line":97,"column":5}},"31":{"start":{"line":92,"column":6},"end":{"line":92,"column":35}},"32":{"start":{"line":93,"column":6},"end":{"line":96,"column":9}},"33":{"start":{"line":100,"column":24},"end":{"line":100,"column":74}},"34":{"start":{"line":101,"column":4},"end":{"line":107,"column":5}},"35":{"start":{"line":102,"column":6},"end":{"line":102,"column":35}},"36":{"start":{"line":103,"column":6},"end":{"line":106,"column":9}},"37":{"start":{"line":110,"column":4},"end":{"line":116,"column":5}},"38":{"start":{"line":111,"column":6},"end":{"line":111,"column":35}},"39":{"start":{"line":112,"column":6},"end":{"line":115,"column":9}},"40":{"start":{"line":119,"column":24},"end":{"line":119,"column":29}},"41":{"start":{"line":120,"column":22},"end":{"line":120,"column":26}},"42":{"start":{"line":122,"column":4},"end":{"line":165,"column":5}},"43":{"start":{"line":123,"column":21},"end":{"line":123,"column":71}},"44":{"start":{"line":125,"column":6},"end":{"line":131,"column":7}},"45":{"start":{"line":126,"column":8},"end":{"line":126,"column":37}},"46":{"start":{"line":127,"column":8},"end":{"line":130,"column":11}},"47":{"start":{"line":133,"column":6},"end":{"line":139,"column":7}},"48":{"start":{"line":134,"column":8},"end":{"line":134,"column":37}},"49":{"start":{"line":135,"column":8},"end":{"line":138,"column":11}},"50":{"start":{"line":141,"column":6},"end":{"line":147,"column":7}},"51":{"start":{"line":142,"column":8},"end":{"line":142,"column":37}},"52":{"start":{"line":143,"column":8},"end":{"line":146,"column":11}},"53":{"start":{"line":150,"column":6},"end":{"line":150,"column":33}},"54":{"start":{"line":151,"column":6},"end":{"line":151,"column":41}},"55":{"start":{"line":152,"column":6},"end":{"line":152,"column":45}},"56":{"start":{"line":153,"column":6},"end":{"line":153,"column":41}},"57":{"start":{"line":156,"column":6},"end":{"line":156,"column":36}},"58":{"start":{"line":158,"column":6},"end":{"line":158,"column":27}},"59":{"start":{"line":159,"column":6},"end":{"line":164,"column":8}},"60":{"start":{"line":167,"column":24},"end":{"line":167,"column":46}},"61":{"start":{"line":170,"column":27},"end":{"line":170,"column":97}},"62":{"start":{"line":171,"column":4},"end":{"line":191,"column":5}},"63":{"start":{"line":172,"column":23},"end":{"line":172,"column":79}},"64":{"start":{"line":173,"column":6},"end":{"line":189,"column":7}},"65":{"start":{"line":174,"column":8},"end":{"line":174,"column":37}},"66":{"start":{"line":175,"column":8},"end":{"line":175,"column":41}},"67":{"start":{"line":176,"column":8},"end":{"line":176,"column":49}},"68":{"start":{"line":177,"column":8},"end":{"line":177,"column":45}},"69":{"start":{"line":179,"column":26},"end":{"line":179,"column":36}},"70":{"start":{"line":180,"column":33},"end":{"line":180,"column":35}},"71":{"start":{"line":181,"column":8},"end":{"line":188,"column":28}},"72":{"start":{"line":190,"column":6},"end":{"line":190,"column":30}},"73":{"start":{"line":194,"column":23},"end":{"line":200,"column":23}},"74":{"start":{"line":203,"column":4},"end":{"line":203,"column":41}},"75":{"start":{"line":206,"column":25},"end":{"line":206,"column":54}},"76":{"start":{"line":207,"column":4},"end":{"line":213,"column":5}},"77":{"start":{"line":208,"column":6},"end":{"line":208,"column":35}},"78":{"start":{"line":209,"column":6},"end":{"line":212,"column":9}},"79":{"start":{"line":216,"column":4},"end":{"line":219,"column":5}},"80":{"start":{"line":217,"column":6},"end":{"line":217,"column":27}},"81":{"start":{"line":218,"column":6},"end":{"line":218,"column":51}},"82":{"start":{"line":221,"column":4},"end":{"line":221,"column":38}},"83":{"start":{"line":224,"column":4},"end":{"line":224,"column":31}},"84":{"start":{"line":227,"column":31},"end":{"line":245,"column":6}},"85":{"start":{"line":248,"column":25},"end":{"line":262,"column":6}},"86":{"start":{"line":265,"column":26},"end":{"line":271,"column":6}},"87":{"start":{"line":273,"column":4},"end":{"line":275,"column":5}},"88":{"start":{"line":274,"column":6},"end":{"line":274,"column":50}},"89":{"start":{"line":277,"column":4},"end":{"line":277,"column":23}},"90":{"start":{"line":280,"column":4},"end":{"line":303,"column":5}},"91":{"start":{"line":281,"column":24},"end":{"line":287,"column":8}},"92":{"start":{"line":288,"column":24},"end":{"line":288,"column":73}},"93":{"start":{"line":289,"column":6},"end":{"line":300,"column":7}},"94":{"start":{"line":290,"colu
[...]
ype":"binary-expr","locations":[{"start":{"line":39,"column":19},"end":{"line":39,"column":36}},{"start":{"line":39,"column":40},"end":{"line":39,"column":47}}]},"9":{"loc":{"start":{"line":46,"column":2},"end":{"line":46,"column":38}},"type":"if","locations":[{"start":{"line":46,"column":2},"end":{"line":46,"column":38}}]},"10":{"loc":{"start":{"line":52,"column":2},"end":{"line":52,"column":103}},"type":"if","locations":[{"start":{"line":52,"column":2},"end":{"line":52,"column":103}}]},"11":{"loc":{"start":{"line":53,"column":2},"end":{"line":53,"column":103}},"type":"if","locations":[{"start":{"line":53,"column":2},"end":{"line":53,"column":103}}]},"12":{"loc":{"start":{"line":54,"column":2},"end":{"line":54,"column":103}},"type":"if","locations":[{"start":{"line":54,"column":2},"end":{"line":54,"column":103}}]},"13":{"loc":{"start":{"line":55,"column":2},"end":{"line":55,"column":103}},"type":"if","locations":[{"start":{"line":55,"column":2},"end":{"line":55,"column":103}}]},"14":{"loc":{"start":{"line":56,"column":2},"end":{"line":56,"column":144}},"type":"if","locations":[{"start":{"line":56,"column":2},"end":{"line":56,"column":144}}]},"15":{"loc":{"start":{"line":56,"column":75},"end":{"line":56,"column":140}},"type":"cond-expr","locations":[{"start":{"line":56,"column":124},"end":{"line":56,"column":130}},{"start":{"line":56,"column":133},"end":{"line":56,"column":140}}]},"16":{"loc":{"start":{"line":56,"column":75},"end":{"line":56,"column":121}},"type":"binary-expr","locations":[{"start":{"line":56,"column":75},"end":{"line":56,"column":95}},{"start":{"line":56,"column":99},"end":{"line":56,"column":121}}]},"17":{"loc":{"start":{"line":58,"column":2},"end":{"line":60,"column":3}},"type":"if","locations":[{"start":{"line":58,"column":2},"end":{"line":60,"column":3}}]},"18":{"loc":{"start":{"line":58,"column":6},"end":{"line":58,"column":83}},"type":"binary-expr","locations":[{"start":{"line":58,"column":6},"end":{"line":58,"column":29}},{"start":{"line":58,"column":33},"end":{"line":58,"column":63}},{"start":{"line":58,"column":67},"end":{"line":58,"column":83}}]},"19":{"loc":{"start":{"line":71,"column":2},"end":{"line":71,"column":38}},"type":"if","locations":[{"start":{"line":71,"column":2},"end":{"line":71,"column":38}}]},"20":{"loc":{"start":{"line":76,"column":4},"end":{"line":76,"column":72}},"type":"if","locations":[{"start":{"line":76,"column":4},"end":{"line":76,"column":72}}]},"21":{"loc":{"start":{"line":76,"column":8},"end":{"line":76,"column":46}},"type":"binary-expr","locations":[{"start":{"line":76,"column":8},"end":{"line":76,"column":26}},{"start":{"line":76,"column":30},"end":{"line":76,"column":46}}]},"22":{"loc":{"start":{"line":79,"column":15},"end":{"line":79,"column":61}},"type":"binary-expr","locations":[{"start":{"line":79,"column":15},"end":{"line":79,"column":30}},{"start":{"line":79,"column":34},"end":{"line":79,"column":55}},{"start":{"line":79,"column":59},"end":{"line":79,"column":61}}]},"23":{"loc":{"start":{"line":80,"column":15},"end":{"line":80,"column":61}},"type":"binary-expr","locations":[{"start":{"line":80,"column":15},"end":{"line":80,"column":30}},{"start":{"line":80,"column":34},"end":{"line":80,"column":55}},{"start":{"line":80,"column":59},"end":{"line":80,"column":61}}]},"24":{"loc":{"start":{"line":81,"column":15},"end":{"line":81,"column":61}},"type":"binary-expr","locations":[{"start":{"line":81,"column":15},"end":{"line":81,"column":30}},{"start":{"line":81,"column":34},"end":{"line":81,"column":55}},{"start":{"line":81,"column":59},"end":{"line":81,"column":61}}]},"25":{"loc":{"start":{"line":83,"column":2},"end":{"line":85,"column":3}},"type":"if","locations":[{"start":{"line":83,"column":2},"end":{"line":85,"column":3}}]},"26":{"loc":{"start":{"line":83,"column":6},"end":{"line":83,"column":29}},"type":"binary-expr","locations":[{"start":{"line":83,"column":6},"end":{"line":83,"column":11}},{"start":{"line":83,"column":15},"end":{"line":83,"column":20}},{"start":{"line":83,"column":24},"end":{"line":83,"column":29}}]},"27":{"loc":{"start":{"line":90,"column":21},"end":{"line":90,"column":70}},"type":"binary-expr","locations":[{"start":{"line":90,"column":21},"end":{"line":90,"column":36}},{"start":{"line":90,"column":40},"end":{"line":90,"column":61}},{"start":{"line":90,"column":65},"end":{"line":90,"column":70}}]},"28":{"loc":{"start":{"line":91,"column":15},"end":{"line":91,"column":70}},"type":"binary-expr","locations":[{"start":{"line":91,"column":15},"end":{"line":91,"column":32}},{"start":{"line":91,"column":36},"end":{"line":91,"column":59}},{"start":{"line":91,"column":63},"end":{"line":91,"column":70}}]},"29":{"loc":{"start":{"line":111,"column":2},"end":{"line":111,"column":38}},"type":"if","locations":[{"start":{"line":111,"column":2},"end":{"line":111,"column":38}}]},"30":{"loc":{"start":{"line":116,"column":4},"end":{"line":116,"column":52}},"type":"if","locations":[{"start":{"line":116,"column":4},"end":{"line":116,"column":52}}]},"31":{"loc":{"start":{"line":122,"column":22},"end":{"line":122,"column":60}},"type":"cond-expr","locations":[{"start":{"line":122,"column":45},"end":{"line":122,"column":55}},{"start":{"line":122,"column":58},"end":{"line":122,"column":60}}]},"32":{"loc":{"start":{"line":123,"column":22},"end":{"line":123,"column":48}},"type":"binary-expr","locations":[{"start":{"line":123,"column":22},"end":{"line":123,"column":39}},{"start":{"line":123,"column":46},"end":{"line":123,"column":48}}]},"33":{"loc":{"start":{"line":130,"column":2},"end":{"line":130,"column":38}},"type":"if","locations":[{"start":{"line":130,"column":2},"end":{"line":130,"column":38}}]},"34":{"loc":{"start":{"line":134,"column":2},"end":{"line":136,"column":3}},"type":"if","locations":[{"start":{"line":134,"column":2},"end":{"line":136,"column":3}}]},"35":{"loc":{"start":{"line":134,"column":6},"end":{"line":134,"column":92}},"type":"binary-expr","locations":[{"start":{"line":134,"column":6},"end":{"line":134,"column":34}},{"start":{"line":134,"column":38},"end":{"line":134,"column":67}},{"start":{"line":134,"column":71},"end":{"line":134,"column":92}}]},"36":{"loc":{"start":{"line":137,"column":2},"end":{"line":139,"column":3}},"type":"if","locations":[{"start":{"line":137,"column":2},"end":{"line":139,"column":3}}]},"37":{"loc":{"start":{"line":146,"column":2},"end":{"line":146,"column":38}},"type":"if","locations":[{"start":{"line":146,"column":2},"end":{"line":146,"column":38}}]},"38":{"loc":{"start":{"line":151,"column":4},"end":{"line":151,"column":43}},"type":"if","locations":[{"start":{"line":151,"column":4},"end":{"line":151,"column":43}}]},"39":{"loc":{"start":{"line":154,"column":17},"end":{"line":154,"column":43}},"type":"binary-expr","locations":[{"start":{"line":154,"column":17},"end":{"line":154,"column":37}},{"start":{"line":154,"column":41},"end":{"line":154,"column":43}}]},"40":{"loc":{"start":{"line":155,"column":2},"end":{"line":157,"column":3}},"type":"if","locations":[{"start":{"line":155,"column":2},"end":{"line":157,"column":3}}]},"41":{"loc":{"start":{"line":162,"column":4},"end":{"line":162,"column":46}},"type":"if","locations":[{"start":{"line":162,"column":4},"end":{"line":162,"column":46}}]},"42":{"loc":{"start":{"line":171,"column":2},"end":{"line":171,"column":38}},"type":"if","locations":[{"start":{"line":171,"column":2},"end":{"line":171,"column":38}}]},"43":{"loc":{"start":{"line":174,"column":2},"end":{"line":176,"column":3}},"type":"if","locations":[{"start":{"line":174,"column":2},"end":{"line":176,"column":3}}]},"44":{"loc":{"start":{"line":181,"column":4},"end":{"line":181,"column":43}},"type":"if","locations":[{"start":{"line":181,"column":4},"end":{"line":181,"column":43}}]},"45":{"loc":{"start":{"line":184,"column":17},"end":{"line":184,"column":43}},"type":"binary-expr","locations":[{"start":{"line":184,"column":17},"end":{"line":184,"column":37}},{"start":{"line":184,"column":41},"end":{"line":184,"column":43}}]},"46":{"loc":{"start":{"line":185,"column":17},"end":{"line":185,"column":42}},"type":"binary-expr","locations":[{"start":{"line":185,"column":17},"end":{"line":185,"column":34}},{"start":{"line":185,"column":40},"end":{"line":185,"column":42}}]},"47":{"loc":{"start":{"line":187,"column":2},"end":{"line":187,"column":99}},"type":"if","locations":[{"start":{"line":187,"column":2},"end":{"line":187,"column":99}}]},"48":{"loc":{"start":{"line":188,"column":2},"end":{"line":188,"column":97}},"type":"if","locations":[{"start":{"line":188,"column":2},"end":{"line":188,"column":97}}]},"49":{"loc":{"start":{"line":199,"column":4},"end":{"line":199,"column":80}},"type":"if","locations":[{"start":{"line":199,"column":4},"end":{"line":199,"column":80}}]},"50":{"loc":{"start":{"line":199,"column":32},"end":{"line":199,"column":78}},"type":"binary-expr","locations":[{"start":{"line":199,"column":32},"end":{"line":199,"column":53}},{"start":{"line":199,"column":57},"end":{"line":199,"column":78}}]},"51":{"loc":{"start":{"line":208,"column":2},"end":{"line":208,"column":38}},"type":"if","locations":[{"start":{"line":208,"column":2},"end":{"line":208,"column":38}}]},"52":{"loc":{"start":{"line":212,"column":28},"end":{"line":212,"column":76}},"type":"if","locations":[{"start":{"line":212,"column":28},"end":{"line":212,"column":76}}]},"53":{"loc":{"start":{"line":217,"column":26},"end":{"line":217,"column":56}},"type":"binary-expr","locations":[{"start":{"line":217,"column":26},"end":{"line":217,"column":50}},{"start":{"line":217,"column":54},"end":{"line":217,"column":56}}]},"54":{"loc":{"start":{"line":218,"column":26},"end":{"line":218,"column":74}},"type":"cond-expr","locations":[{"start":{"line":218,"column":53},"end":{"line":218,"column":69}},{"start":{"line":218,"column":72},"end":{"line":218,"column":74}}]},"55":{"loc":{"start":{"line":219,"column":26},"end":{"line":219,"column":56}},"type":"binary-expr","locations":[{"start":{"line":219,"column":26},"end":{"line":219,"column":43}},{"start":{"line":219,"column":54},"end":{"line":219,"column":56}}]},"56":{"loc":{"start":{"line":226,"column":2},"end":{"line":226,"column":38}},"type":"if","locations":[{"start":{"line":226,"column":2},"end":{"line":226,"column":38}}]},"57":{"loc":{"start":{"line":230,"column":2},"end":{"line":231,"column":104}},"type":"if","locations":[{"start":{"line":230,"column":2},"end":{"line":231,"column":104}}]},"58":{"loc":{"start":{"line":232,"column":2},"end":{"line":233,"column":90}},"type":"if","locations":[{"start":{"line":232,"column":2},"end":{"line":233,"column":90}}]},"59":{"loc":{"start":{"line":234,"column":2},"end":{"line":235,"column":102}},"type":"if","locations":[{"start":{"line":234,"column":2},"end":{"line":235,"column":102}}]},"60":{"loc":{"start":{"line":234,"column":6},"end":{"line":234,"column":107}},"type":"binary-expr","locations":[{"start":{"line":234,"column":6},"end":{"line":234,"column":37}},{"start":{"line":234,"column":41},"end":{"line":234,"column":79}},{"start":{"line":234,"column":83},"end":{"line":234,"column":107}}]},"61":{"loc":{"start":{"line":242,"column":2},"end":{"line":242,"column":38}},"type":"if","locations":[{"start":{"line":242,"column":2},"end":{"line":242,"column":38}}]},"62":{"loc":{"start":{"line":246,"column":28},"end":{"line":246,"column":67}},"type":"if","locations":[{"start":{"line":246,"column":28},"end":{"line":246,"column":67}}]},"63":{"loc":{"start":{"line":248,"column":16},"end":{"line":248,"column":80}},"type":"binary-expr","locations":[{"start":{"line":248,"column":16},"end":{"line":248,"column":40}},{"start":{"line":248,"column":44},"end":{"line":248,"column":74}},{"start":{"line":248,"column":78},"end":{"line":248,"column":80}}]},"64":{"loc":{"start":{"line":249,"column":16},"end":{"line":249,"column":80}},"type":"binary-expr","locations":[{"start":{"line":249,"column":16},"end":{"line":249,"column":39}},{"start":{"line":249,"column":44},"end":{"line":249,"column":73}},{"start":{"line":249,"column":78},"end":{"line":249,"column":80}}]},"65":{"loc":{"start":{"line":250,"column":16},"end":{"line":250,"column":80}},"type":"binary-expr","locations":[{"start":{"line":250,"column":16},"end":{"line":250,"column":33}},{"start":{"line":250,"column":44},"end":{"line":250,"column":67}},{"start":{"line":250,"column":78},"end":{"line":250,"column":80}}]},"66":{"loc":{"start":{"line":252,"column":2},"end":{"line":254,"column":3}},"type":"if","locations":[{"start":{"line":252,"column":2},"end":{"line":254,"column":3}}]},"67":{"loc":{"start":{"line":252,"column":6},"end":{"line":252,"column":29}},"type":"binary-expr","locations":[{"start":{"line":252,"column":6},"end":{"line":252,"column":10}},{"start":{"line":252,"column":14},"end":{"line":252,"column":20}},{"start":{"line":252,"column":24},"end":{"line":252,"column":29}}]},"68":{"loc":{"start":{"line":267,"column":2},"end":{"line":267,"column":38}},"type":"if","locations":[{"start":{"line":267,"column":2},"end":{"line":267,"column":38}}]},"69":{"loc":{"start":{"line":270,"column":2},"end":{"line":270,"column":97}},"type":"if","locations":[{"start":{"line":270,"column":2},"end":{"line":270,"column":97}}]},"70":{"loc":{"start":{"line":274,"column":28},"end":{"line":274,"column":67}},"type":"if","locations":[{"start":{"line":274,"column":28},"end":{"line":274,"column":67}}]},"71":{"loc":{"start":{"line":276,"column":16},"end":{"line":276,"column":80}},"type":"binary-expr","locations":[{"start":{"line":276,"column":16},"end":{"line":276,"column":40}},{"start":{"line":276,"column":44},"end":{"line":276,"column":74}},{"start":{"line":276,"column":78},"end":{"line":276,"column":80}}]},"72":{"loc":{"start":{"line":277,"column":16},"end":{"line":277,"column":80}},"type":"binary-expr","locations":[{"start":{"line":277,"column":16},"end":{"line":277,"column":39}},{"start":{"line":277,"column":44},"end":{"line":277,"column":73}},{"start":{"line":277,"column":78},"end":{"line":277,"column":80}}]},"73":{"loc":{"start":{"line":278,"column":16},"end":{"line":278,"column":80}},"type":"binary-expr","locations":[{"start":{"line":278,"column":16},"end":{"line":278,"column":33}},{"start":{"line":278,"column":44},"end":{"line":278,"column":67}},{"start":{"line":278,"column":78},"end":{"line":278,"column":80}}]},"74":{"loc":{"start":{"line":280,"column":2},"end":{"line":282,"column":3}},"type":"if","locations":[{"start":{"line":280,"column":2},"end":{"line":282,"column":3}}]},"75":{"loc":{"start":{"line":280,"column":6},"end":{"line":280,"column":29}},"type":"binary-expr","locations":[{"start":{"line":280,"column":6},"end":{"line":280,"column":10}},{"start":{"line":280,"column":14},"end":{"line":280,"column":20}},{"start":{"line":280,"column":24},"end":{"line":280,"column":29}}]}},"s":{"0":9,"1":9,"2":9,"3":9,"4":9,"5":9,"6":9,"7":9,"8":9,"9":24,"10":4,"11":4,"12":20,"13":9,"14":3,"15":1,"16":2,"17":2,"18":2,"19":2,"20":2,"21":2,"22":9,"23":4,"24":1,"25":3,"26":3,"27":3,"28":0,"29":3,"30":0,"31":3,"32":0,"33":3,"34":0,"35":3,"36":0,"37":3,"38":1,"39":3,"40":1,"41":3,"42":9,"43":2,"44":0,"45":2,"46":2,"47":2,"48":3,"49":3,"50":2,"51":2,"52":2,"53":2,"54":1,"55":1,"56":1,"57":1,"58":1,"59":0,"60":1,"61":1,"62":0,"63":9,"64":2,"65":1,"66":1,"67":1,"68":1,"69":2,"70":2,"71":1,"72":9,"73":0,"74":0,"75":0,"76":0,"77":0,"78":0,"79":0,"80":0,"81":9,"82":2,"83":0,"84":2,"85":2,"86":2,"87":1,"88":1,"89":2,"90":2,"91":1,"92":1,"93":1,"94":1,"95":1,"96":0,"97":1,"98":0,"99":9,"100":3,"101":0,"102":3,"103":3,"104":1,"105":2,"106":2,"107":2,"108":2,"109":2,"110":2,"111":2,"112":2,"113":1,"114":1,"115":0,"116":1,"117":1,"118":1,"119":1,"120":0,"121":1,"122":0,"123":9,"124":2,"125":1,"126":1,"127":1,"128":1,"129":3,"130":3,"131":1,"132":9,"133":1,"134":0,"135":1,"136":1,"137":1,"138":1,"139":1,"140":1,"141":0,"142":1,"143":9,"144":2,"145":0,"146":2,"147":2,"148":2,"149":3,"150":3,"151":2,"152":2,"153":2,"154":2,"155":1,"156":1,"157":1,"158":1,"159":1,"160":0,"161":9,"162":3,"163":0,"164":3,"165":3,"166":1,"167":2,"168":2,"169":2,"170":3,"171":3,"172":2,"173":2,"174":2,"175":2,"176":1,"177":1,"178":1,"179":1,"180":1,"181":0,"182":9},"f":{"0":24,"1":3,"2":4,"3":2,"4":1,"5":0,"6":2,"7":0,"8":2,"9":3,"10":2,"11":1,"12":2,"13":3},"b":{"0":[4],"1":[1],"2":[2],"3":[2,1],"4":[2,2],"5":[2,2],"6":[1,1],"7":[2,2],"8":[2,2],"9":[1],"10":[0],"11":[0],"12":[0],"13":[0],"14":[0],"15":[0,0],"16":[0,0],"17":[1],"18":[3,2,1],"19":[0],"20":[3],"21":[3,3],"22":[2,1,1],"23":[2,1,1],"24":[2,1,1],"25":[1],"26":[2,1,1],"27":[1,1,1],"28":[1,1,1],"29":[1],"30":[2],"31":[1,0],"32":[1,0],"33":[0],"34":[0],"35":[0,0,0],"36":[0],"37":[0],"38":[1],"39":[2,1],"40":[1],"41":[0],"42":[0],"43":[1],"44":[2],"45":[2,1],"46":[2,1],"47":[1],"48":[0],"49":[0],"50":[0,0],"51":[1],"52":[3],"53":[1,0],"54":[1,0],"55":[1,0],"56":[0],"57":[1],"58":[1],"59":[0],"60":[1,0,0],"61":[0],"62":[3],"63":[2,1,1],"64":[2,1,1],"65":[2,1,1],"66":[1],"67":[2,1,1],"68":[0],"69":[1],"70":[3],"71":[2,1,1],"72":[2,1,1],"73":[2,1,1],"74":[1],"75":[2,1,1]}}
,"C:\\Users\\pc\\Work\\Operatingtheatre\\server\\src\\routes\\stages.ts": {"path":"C:\\Users\\pc\\Work\\Operatingtheatre\\server\\src\\routes\\stages.ts","statementMap":{"0":{"start":{"line":1,"column":0},"end":{"line":1,"column":33}},"1":{"start":{"line":2,"column":0},"end":{"line":2,"column":124}},"2":{"start":{"line":3,"column":0},"end":{"line":3,"column":50}},"3":{"start":{"line":5,"column":15},"end":{"line":5,"column":23}},"4":{"start":{"line":7,"column":0},"end":{"line":7,"column":44}},"5":{"start":{"line":8,"column":0},"end":{"line":8,"column":44}},"6":{"start":{"line":9,"column":0},"end":{"line":9,"column":46}},"7":{"start":{"line":11,"column":0},"end":{"line":11,"column":22}}},"fnMap":{},"branchMap":{},"s":{"0":9,"1":9,"2":9,"3":9,"4":9,"5":9,"6":9,"7":9},"f":{},"b":{}}
,"C:\\Users\\pc\\Work\\Operatingtheatre\\server\\src\\routes\\users.ts": {"path":"C:\\Users\\pc\\Work\\Operatingtheatre\\server\\src\\routes\\users.ts","statementMap":{"0":{"start":{"line":1,"column":0},"end":{"line":1,"column":33}},"1":{"start":{"line":2,"column":0},"end":{"line":2,"column":135}},"2":{"start":{"line":3,"column":0},"end":{"line":3,"column":50}},"3":{"start":{"line":5,"column":15},"end":{"line":5,"column":23}},"4":{"start":{"line":7,"column":0},"end":{"line":7,"column":40}},"5":{"start":{"line":8,"column":0},"end":{"line":8,"column":52}},"6":{"start":{"line":9,"column":0},"end":{"line":9,"column":43}},"7":{"start":{"line":10,"column":0},"end":{"line":10,"column":45}},"8":{"start":{"line":11,"column":0},"end":{"line":11,"column":58}},"9":{"start":{"line":12,"column":0},"end":{"line":12,"column":72}},"10":{"start":{"line":14,"column":0},"end":{"line":14,"column":22}}},"fnMap":{},"branchMap":{},"s":{"0":9,"1":9,"2":9,"3":9,"4":9,"5":9,"6":9,"7":9,"8":9,"9":9,"10":9},"f":{},"b":{}}
,"C:\\Users\\pc\\Work\\Operatingtheatre\\server\\src\\routes\\visits.ts": {"path":"C:\\Users\\pc\\Work\\Operatingtheatre\\server\\src\\routes\\visits.ts","statementMap":{"0":{"start":{"line":1,"column":0},"end":{"line":1,"column":33}},"1":{"start":{"line":2,"column":0},"end":{"line":2,"column":126}},"2":{"start":{"line":3,"column":0},"end":{"line":3,"column":84}},"3":{"start":{"line":4,"column":0},"end":{"line":4,"column":50}},"4":{"start":{"line":6,"column":15},"end":{"line":6,"column":23}},"5":{"start":{"line":9,"column":0},"end":{"line":9,"column":41}},"6":{"start":{"line":10,"column":0},"end":{"line":10,"column":44}},"7":{"start":{"line":11,"column":0},"end":{"line":11,"column":47}},"8":{"start":{"line":12,"column":0},"end":{"line":12,"column":46}},"9":{"start":{"line":13,"column":0},"end":{"line":13,"column":49}},"10":{"start":{"line":16,"column":0},"end":{"line":16,"column":57}},"11":{"start":{"line":17,"column":0},"end":{"line":17,"column":60}},"12":{"start":{"line":18,"column":0},"end":{"line":18,"column":55}},"13":{"start":{"line":20,"column":0},"end":{"line":20,"column":22}}},"fnMap":{},"branchMap":{},"s":{"0":9,"1":9,"2":9,"3":9,"4":9,"5":9,"6":9,"7":9,"8":9,"9":9,"10":9,"11":9,"12":9,"13":9},"f":{},"b":{}}
}
