TN:
SF:src\app.ts
FN:36,(anonymous_1)
FN:40,(anonymous_2)
FN:44,(anonymous_3)
FNF:3
FNH:0
FNDA:0,(anonymous_1)
FNDA:0,(anonymous_2)
FNDA:0,(anonymous_3)
DA:1,9
DA:2,9
DA:3,9
DA:4,9
DA:5,9
DA:6,9
DA:7,9
DA:8,9
DA:9,9
DA:10,9
DA:11,9
DA:12,9
DA:13,9
DA:15,9
DA:17,9
DA:18,9
DA:19,9
DA:22,9
DA:23,0
DA:26,9
DA:27,9
DA:28,9
DA:29,9
DA:30,9
DA:31,9
DA:32,9
DA:33,9
DA:34,9
DA:36,9
DA:37,0
DA:40,9
DA:41,0
DA:44,9
DA:45,0
DA:46,0
DA:53,9
LF:36
LH:31
BRDA:22,0,0,0
BRDA:49,1,0,0
BRDA:49,1,1,0
BRF:3
BRH:0
end_of_record
TN:
SF:src\controllers\authController.ts
FN:15,(anonymous_1)
FN:24,(anonymous_2)
FN:91,(anonymous_3)
FN:114,(anonymous_4)
FNF:4
FNH:4
FNDA:1,(anonymous_1)
FNDA:6,(anonymous_2)
FNDA:1,(anonymous_3)
FNDA:1,(anonymous_4)
DA:2,9
DA:3,9
DA:4,9
DA:15,9
DA:16,1
DA:21,1
DA:24,9
DA:25,6
DA:26,6
DA:28,6
DA:29,2
DA:35,4
DA:37,4
DA:38,1
DA:44,3
DA:45,1
DA:51,2
DA:53,2
DA:54,1
DA:61,1
DA:62,1
DA:64,1
DA:70,1
DA:83,0
DA:84,0
DA:91,9
DA:92,1
DA:93,1
DA:94,1
DA:95,1
DA:96,1
DA:97,1
DA:98,1
DA:101,1
DA:106,0
DA:107,0
DA:114,9
DA:115,1
DA:116,1
DA:117,0
DA:123,1
DA:127,1
DA:128,0
DA:134,1
DA:146,0
DA:147,0
LF:46
LH:38
BRDA:21,0,0,1
BRDA:21,0,1,0
BRDA:28,1,0,2
BRDA:28,2,0,6
BRDA:28,2,1,5
BRDA:37,3,0,1
BRDA:44,4,0,1
BRDA:53,5,0,1
BRDA:94,6,0,1
BRDA:94,7,0,1
BRDA:94,7,1,1
BRDA:97,8,0,1
BRDA:97,8,1,0
BRDA:116,9,0,0
BRDA:127,10,0,0
BRF:15
BRH:11
end_of_record
TN:
SF:src\controllers\barcodeController.ts
FN:6,(anonymous_1)
FN:56,(anonymous_2)
FNF:2
FNH:2
FNDA:4,(anonymous_1)
FNDA:4,(anonymous_2)
DA:2,9
DA:3,9
DA:6,9
DA:7,4
DA:8,4
DA:10,4
DA:11,1
DA:17,3
DA:19,3
DA:20,1
DA:26,2
DA:36,2
DA:38,2
DA:47,0
DA:48,0
DA:56,9
DA:57,4
DA:58,4
DA:60,4
DA:61,1
DA:67,3
DA:88,3
DA:89,1
DA:95,2
DA:96,2
DA:97,2
DA:99,2
DA:117,0
DA:118,0
LF:29
LH:25
BRDA:8,0,0,3
BRDA:8,1,0,3
BRDA:10,2,0,1
BRDA:19,3,0,1
BRDA:60,4,0,1
BRDA:88,5,0,1
BRDA:113,6,0,1
BRDA:113,6,1,1
BRF:8
BRH:8
end_of_record
TN:
SF:src\controllers\familyController.ts
FN:8,(anonymous_1)
FN:13,(anonymous_2)
FN:20,(anonymous_3)
FN:174,(anonymous_4)
FN:307,(anonymous_5)
FNF:5
FNH:5
FNDA:2,(anonymous_1)
FNDA:2,(anonymous_2)
FNDA:9,(anonymous_3)
FNDA:8,(anonymous_4)
FNDA:3,(anonymous_5)
DA:2,9
DA:3,9
DA:4,9
DA:5,9
DA:8,9
DA:9,2
DA:13,9
DA:14,2
DA:17,9
DA:20,9
DA:21,9
DA:22,9
DA:24,9
DA:25,1
DA:31,8
DA:32,1
DA:39,7
DA:56,7
DA:57,1
DA:64,6
DA:65,6
DA:66,6
DA:67,1
DA:68,1
DA:88,5
DA:89,5
DA:90,4
DA:91,1
DA:92,1
DA:95,5
DA:99,5
DA:100,1
DA:106,4
DA:107,1
DA:114,3
DA:115,3
DA:122,3
DA:123,1
DA:130,2
DA:131,2
DA:132,2
DA:133,2
DA:135,2
DA:146,2
DA:147,2
DA:148,1
DA:150,1
DA:153,2
DA:157,2
DA:165,0
DA:166,0
DA:174,9
DA:175,8
DA:176,8
DA:178,8
DA:179,1
DA:186,7
DA:203,7
DA:204,1
DA:211,6
DA:216,6
DA:217,1
DA:224,5
DA:225,1
DA:226,1
DA:227,1
DA:232,0
DA:233,0
DA:234,0
DA:235,0
DA:239,4
DA:240,1
DA:247,3
DA:248,2
DA:250,2
DA:251,1
DA:252,1
DA:253,1
DA:255,1
DA:261,1
DA:263,1
DA:271,1
DA:272,1
DA:274,1
DA:275,1
DA:276,1
DA:277,1
DA:281,1
DA:298,0
DA:299,0
DA:307,9
DA:308,3
DA:309,3
DA:311,3
DA:334,3
DA:335,1
DA:341,2
DA:342,1
DA:348,1
DA:349,1
DA:350,1
DA:351,1
DA:352,1
DA:356,1
DA:369,0
DA:370,0
LF:106
LH:96
BRDA:24,0,0,1
BRDA:31,1,0,1
BRDA:31,2,0,8
BRDA:31,2,1,2
BRDA:56,3,0,1
BRDA:66,4,0,1
BRDA:66,5,0,6
BRDA:66,5,1,5
BRDA:67,6,0,1
BRDA:67,6,1,0
BRDA:73,7,0,1
BRDA:73,7,1,0
BRDA:75,8,0,1
BRDA:75,8,1,0
BRDA:76,9,0,1
BRDA:76,9,1,0
BRDA:78,10,0,1
BRDA:78,10,1,0
BRDA:81,11,0,1
BRDA:81,11,1,1
BRDA:89,12,0,4
BRDA:89,12,1,1
BRDA:91,13,0,1
BRDA:99,14,0,1
BRDA:106,15,0,1
BRDA:122,16,0,1
BRDA:147,17,0,1
BRDA:147,17,1,1
BRDA:153,18,0,1
BRDA:153,18,1,1
BRDA:160,19,0,1
BRDA:160,19,1,1
BRDA:178,20,0,1
BRDA:178,21,0,8
BRDA:178,21,1,8
BRDA:203,22,0,1
BRDA:216,23,0,1
BRDA:224,24,0,1
BRDA:226,25,0,1
BRDA:226,26,0,1
BRDA:226,26,1,1
BRDA:239,27,0,1
BRDA:247,28,0,2
BRDA:250,29,0,1
BRDA:277,30,0,1
BRDA:277,30,1,0
BRDA:293,31,0,1
BRDA:293,31,1,1
BRDA:334,32,0,1
BRDA:341,33,0,1
BRDA:352,34,0,1
BRDA:352,34,1,0
BRDA:365,35,0,1
BRDA:365,35,1,1
BRF:54
BRH:47
end_of_record
TN:
SF:src\controllers\reportController.ts
FN:6,(anonymous_0)
FN:32,(anonymous_1)
FN:36,(anonymous_2)
FN:42,(anonymous_3)
FN:49,(anonymous_4)
FN:56,(anonymous_5)
FN:68,(anonymous_6)
FN:70,(anonymous_7)
FN:106,(anonymous_8)
FN:131,(anonymous_9)
FN:146,(anonymous_10)
FN:147,(anonymous_11)
FN:157,(anonymous_12)
FN:196,(anonymous_13)
FN:204,(anonymous_14)
FN:225,(anonymous_15)
FN:226,(anonymous_16)
FN:227,(anonymous_17)
FN:255,(anonymous_18)
FN:277,(anonymous_19)
FNF:20
FNH:19
FNDA:2,(anonymous_0)
FNDA:2,(anonymous_1)
FNDA:2,(anonymous_2)
FNDA:2,(anonymous_3)
FNDA:2,(anonymous_4)
FNDA:2,(anonymous_5)
FNDA:2,(anonymous_6)
FNDA:2,(anonymous_7)
FNDA:4,(anonymous_8)
FNDA:1,(anonymous_9)
FNDA:4,(anonymous_10)
FNDA:6,(anonymous_11)
FNDA:3,(anonymous_12)
FNDA:3,(anonymous_13)
FNDA:1,(anonymous_14)
FNDA:2,(anonymous_15)
FNDA:0,(anonymous_16)
FNDA:2,(anonymous_17)
FNDA:3,(anonymous_18)
FNDA:1,(anonymous_19)
DA:2,9
DA:3,9
DA:6,9
DA:7,2
DA:8,2
DA:10,2
DA:11,2
DA:12,2
DA:15,2
DA:31,2
DA:32,2
DA:33,2
DA:34,2
DA:36,2
DA:37,2
DA:38,2
DA:42,2
DA:43,2
DA:44,2
DA:45,2
DA:46,2
DA:48,2
DA:49,2
DA:53,2
DA:54,2
DA:56,2
DA:57,2
DA:58,2
DA:59,2
DA:60,2
DA:62,2
DA:63,2
DA:64,2
DA:65,2
DA:68,2
DA:69,2
DA:70,2
DA:72,2
DA:80,2
DA:81,2
DA:83,2
DA:97,0
DA:98,0
DA:106,9
DA:107,4
DA:108,4
DA:109,4
DA:110,2
DA:113,2
DA:114,2
DA:115,2
DA:116,2
DA:118,2
DA:124,2
DA:127,2
DA:128,6
DA:131,2
DA:132,1
DA:133,1
DA:134,1
DA:135,1
DA:136,1
DA:137,1
DA:138,1
DA:139,1
DA:140,1
DA:141,1
DA:142,0
DA:145,2
DA:146,4
DA:147,6
DA:149,2
DA:151,0
DA:152,0
DA:157,9
DA:158,3
DA:159,3
DA:161,3
DA:162,1
DA:168,2
DA:169,2
DA:170,2
DA:171,2
DA:174,2
DA:192,2
DA:195,2
DA:196,2
DA:197,3
DA:198,1
DA:200,3
DA:204,2
DA:205,1
DA:206,3
DA:207,3
DA:208,3
DA:209,3
DA:211,3
DA:212,2
DA:216,2
DA:217,2
DA:219,2
DA:224,2
DA:225,2
DA:226,2
DA:227,2
DA:228,2
DA:237,2
DA:246,0
DA:247,0
DA:255,9
DA:256,3
DA:257,3
DA:258,3
DA:260,3
DA:277,3
DA:290,3
DA:292,0
DA:293,0
LF:118
LH:109
BRDA:10,0,0,1
BRDA:10,0,1,1
BRDA:43,1,0,2
BRDA:43,1,1,0
BRDA:44,2,0,2
BRDA:44,2,1,0
BRDA:44,2,2,0
BRDA:46,3,0,2
BRDA:46,3,1,0
BRDA:48,4,0,1
BRDA:48,4,1,1
BRDA:58,5,0,0
BRDA:59,6,0,2
BRDA:62,7,0,2
BRDA:62,7,1,0
BRDA:63,8,0,2
BRDA:63,8,1,0
BRDA:63,8,2,0
BRDA:65,9,0,2
BRDA:69,10,0,2
BRDA:69,10,1,0
BRDA:81,11,0,1
BRDA:81,11,1,1
BRDA:92,12,0,2
BRDA:92,12,1,1
BRDA:109,13,0,2
BRDA:109,14,0,4
BRDA:109,14,1,3
BRDA:133,15,0,0
BRDA:135,16,0,0
BRDA:138,17,0,0
BRDA:141,18,0,1
BRDA:141,18,1,0
BRDA:161,19,0,1
BRDA:161,20,0,3
BRDA:161,20,1,2
BRDA:197,21,0,1
BRDA:211,22,0,2
BRDA:216,23,0,2
BRDA:257,24,0,3
BRDA:257,24,1,1
BRDA:258,25,0,3
BRDA:258,25,1,3
BRDA:279,26,0,1
BRDA:279,26,1,0
BRDA:280,27,0,1
BRDA:280,27,1,0
BRDA:281,28,0,1
BRDA:281,28,1,0
BRDA:284,29,0,1
BRDA:284,29,1,0
BRDA:285,30,0,1
BRDA:285,30,1,0
BRDA:286,31,0,1
BRDA:286,31,1,0
BRDA:287,32,0,1
BRDA:287,32,1,0
BRF:57
BRH:37
end_of_record
TN:
SF:src\controllers\roomController.ts
FN:13,(anonymous_0)
FN:41,(anonymous_1)
FN:96,(anonymous_2)
FN:187,(anonymous_3)
FN:255,(anonymous_4)
FN:293,(anonymous_5)
FN:324,(anonymous_6)
FN:347,(anonymous_7)
FN:403,(anonymous_8)
FNF:9
FNH:9
FNDA:2,(anonymous_0)
FNDA:1,(anonymous_1)
FNDA:2,(anonymous_2)
FNDA:5,(anonymous_3)
FNDA:4,(anonymous_4)
FNDA:3,(anonymous_5)
FNDA:3,(anonymous_6)
FNDA:2,(anonymous_7)
FNDA:3,(anonymous_8)
DA:2,9
DA:13,9
DA:14,2
DA:15,2
DA:16,2
DA:41,2
DA:42,1
DA:55,1
DA:56,0
DA:57,0
DA:58,0
DA:65,1
DA:66,0
DA:67,0
DA:68,0
DA:69,0
DA:71,0
DA:79,1
DA:82,2
DA:87,0
DA:88,0
DA:96,9
DA:97,2
DA:98,2
DA:100,2
DA:127,2
DA:128,1
DA:134,1
DA:147,1
DA:148,0
DA:149,0
DA:150,0
DA:152,0
DA:163,0
DA:173,1
DA:178,0
DA:179,0
DA:187,9
DA:188,5
DA:189,5
DA:190,5
DA:192,5
DA:194,5
DA:195,1
DA:201,4
DA:202,1
DA:209,3
DA:211,3
DA:212,1
DA:218,2
DA:219,2
DA:220,2
DA:223,2
DA:224,1
DA:225,1
DA:226,1
DA:236,2
DA:246,0
DA:247,0
DA:255,9
DA:256,4
DA:257,4
DA:258,1
DA:261,3
DA:263,3
DA:264,1
DA:267,2
DA:268,2
DA:269,1
DA:272,1
DA:282,1
DA:287,0
DA:288,0
DA:293,9
DA:294,3
DA:295,3
DA:296,1
DA:299,2
DA:300,2
DA:302,2
DA:303,2
DA:304,1
DA:307,1
DA:308,1
DA:309,1
DA:310,1
DA:311,1
DA:313,1
DA:318,0
DA:319,0
DA:324,9
DA:325,3
DA:326,3
DA:327,1
DA:330,2
DA:331,2
DA:332,2
DA:333,1
DA:336,1
DA:337,1
DA:339,1
DA:341,0
DA:342,0
DA:347,9
DA:348,2
DA:349,2
DA:350,2
DA:352,2
DA:354,2
DA:355,1
DA:361,1
DA:362,1
DA:364,1
DA:373,1
DA:374,1
DA:375,1
DA:377,1
DA:394,0
DA:395,0
DA:403,9
DA:404,3
DA:405,3
DA:406,3
DA:408,3
DA:410,3
DA:411,1
DA:417,2
DA:422,2
DA:423,1
DA:424,1
DA:425,1
DA:426,1
DA:427,1
DA:430,2
DA:431,2
DA:432,2
DA:434,2
DA:442,0
DA:443,0
LF:139
LH:110
BRDA:17,0,0,0
BRDA:17,0,1,2
BRDA:55,1,0,0
BRDA:65,2,0,0
BRDA:127,3,0,1
BRDA:147,4,0,0
BRDA:194,5,0,1
BRDA:201,6,0,1
BRDA:211,7,0,1
BRDA:223,8,0,1
BRDA:257,9,0,1
BRDA:257,10,0,4
BRDA:257,10,1,4
BRDA:261,11,0,3
BRDA:263,12,0,1
BRDA:263,13,0,3
BRDA:263,13,1,3
BRDA:268,14,0,1
BRDA:295,15,0,1
BRDA:295,16,0,3
BRDA:295,16,1,3
BRDA:303,17,0,1
BRDA:307,18,0,1
BRDA:308,19,0,0
BRDA:309,20,0,0
BRDA:310,21,0,0
BRDA:326,22,0,1
BRDA:326,23,0,3
BRDA:326,23,1,3
BRDA:332,24,0,1
BRDA:350,25,0,1
BRDA:354,26,0,1
BRDA:366,27,0,1
BRDA:366,27,1,1
BRDA:410,28,0,1
BRDA:422,29,0,1
BRDA:426,30,0,1
BRDA:426,30,1,0
BRDA:437,31,0,1
BRDA:437,31,1,1
BRF:40
BRH:32
end_of_record
TN:
SF:src\controllers\stageController.ts
FN:19,(anonymous_0)
FN:299,(anonymous_1)
FN:318,(anonymous_2)
FN:357,(anonymous_3)
FN:408,(anonymous_4)
FN:429,(anonymous_5)
FN:459,(anonymous_6)
FNF:7
FNH:1
FNDA:7,(anonymous_0)
FNDA:0,(anonymous_1)
FNDA:0,(anonymous_2)
FNDA:0,(anonymous_3)
FNDA:0,(anonymous_4)
FNDA:0,(anonymous_5)
FNDA:0,(anonymous_6)
DA:2,9
DA:3,9
DA:4,9
DA:5,9
DA:19,9
DA:20,7
DA:22,7
DA:23,7
DA:24,7
DA:27,7
DA:28,0
DA:29,0
DA:36,7
DA:37,1
DA:38,1
DA:45,6
DA:56,6
DA:57,1
DA:58,1
DA:65,5
DA:66,5
DA:67,1
DA:68,1
DA:74,4
DA:75,0
DA:76,0
DA:83,4
DA:84,4
DA:85,0
DA:86,0
DA:91,4
DA:92,2
DA:93,2
DA:100,2
DA:101,2
DA:102,1
DA:103,1
DA:110,1
DA:111,1
DA:112,1
DA:119,0
DA:120,0
DA:122,0
DA:123,0
DA:125,0
DA:126,0
DA:127,0
DA:133,0
DA:134,0
DA:135,0
DA:141,0
DA:142,0
DA:143,0
DA:150,0
DA:151,0
DA:152,0
DA:153,0
DA:156,0
DA:158,0
DA:159,0
DA:167,0
DA:170,0
DA:171,0
DA:172,0
DA:173,0
DA:174,0
DA:175,0
DA:176,0
DA:177,0
DA:179,0
DA:180,0
DA:181,0
DA:190,0
DA:194,0
DA:203,0
DA:206,0
DA:207,0
DA:208,0
DA:209,0
DA:216,0
DA:217,0
DA:218,0
DA:221,0
DA:224,0
DA:227,0
DA:248,0
DA:265,0
DA:273,0
DA:274,0
DA:277,0
DA:280,0
DA:281,0
DA:288,0
DA:289,0
DA:290,0
DA:291,0
DA:294,0
DA:299,0
DA:302,0
DA:305,0
DA:306,0
DA:307,0
DA:318,9
DA:319,0
DA:320,0
DA:323,0
DA:324,0
DA:325,0
DA:332,0
DA:357,0
DA:358,0
DA:360,0
DA:361,0
DA:364,0
DA:365,0
DA:366,0
DA:367,0
DA:368,0
DA:371,0
DA:372,0
DA:375,0
DA:379,0
DA:380,0
DA:381,0
DA:382,0
DA:383,0
DA:384,0
DA:387,0
DA:397,0
DA:398,0
DA:408,9
DA:409,0
DA:410,0
DA:411,0
DA:413,0
DA:419,0
DA:421,0
DA:422,0
DA:429,9
DA:430,0
DA:431,0
DA:432,0
DA:435,0
DA:436,0
DA:437,0
DA:440,0
DA:441,0
DA:449,0
DA:451,0
DA:452,0
DA:459,9
DA:460,0
DA:461,0
DA:462,0
DA:465,0
DA:466,0
DA:467,0
DA:470,0
DA:471,0
DA:472,0
DA:473,0
DA:474,0
DA:475,0
DA:476,0
DA:478,0
DA:480,0
DA:481,0
LF:167
LH:38
BRDA:27,0,0,0
BRDA:36,1,0,1
BRDA:56,2,0,1
BRDA:66,3,0,1
BRDA:74,4,0,0
BRDA:84,5,0,0
BRDA:91,6,0,2
BRDA:101,7,0,1
BRDA:101,8,0,2
BRDA:101,8,1,1
BRDA:101,8,2,0
BRDA:110,9,0,1
BRDA:110,10,0,1
BRDA:110,10,1,1
BRDA:110,10,2,1
BRDA:122,11,0,0
BRDA:122,12,0,0
BRDA:122,12,1,0
BRDA:125,13,0,0
BRDA:133,14,0,0
BRDA:141,15,0,0
BRDA:170,16,0,0
BRDA:170,16,1,0
BRDA:171,17,0,0
BRDA:171,18,0,0
BRDA:171,18,1,0
BRDA:173,19,0,0
BRDA:199,20,0,0
BRDA:199,20,1,0
BRDA:207,21,0,0
BRDA:207,22,0,0
BRDA:207,22,1,0
BRDA:216,23,0,0
BRDA:273,24,0,0
BRDA:288,25,0,0
BRDA:288,25,1,0
BRDA:289,26,0,0
BRDA:291,27,0,0
BRDA:291,27,1,0
BRDA:324,28,0,0
BRDA:360,29,0,0
BRDA:360,29,1,0
BRDA:364,30,0,0
BRDA:364,30,1,0
BRDA:366,31,0,0
BRDA:366,31,1,0
BRDA:368,32,0,0
BRDA:368,32,1,0
BRDA:372,33,0,0
BRDA:372,33,1,0
BRDA:380,34,0,0
BRDA:382,35,0,0
BRDA:382,35,1,0
BRDA:384,36,0,0
BRDA:384,36,1,0
BRDA:411,37,0,0
BRDA:431,38,0,0
BRDA:431,39,0,0
BRDA:431,39,1,0
BRDA:436,40,0,0
BRDA:436,41,0,0
BRDA:436,41,1,0
BRDA:440,42,0,0
BRDA:440,42,1,0
BRDA:444,43,0,0
BRDA:444,43,1,0
BRDA:445,44,0,0
BRDA:445,44,1,0
BRDA:461,45,0,0
BRDA:461,46,0,0
BRDA:461,46,1,0
BRDA:466,47,0,0
BRDA:471,48,0,0
BRDA:472,49,0,0
BRDA:473,50,0,0
BRDA:474,51,0,0
BRDA:475,52,0,0
BRF:77
BRH:11
end_of_record
TN:
SF:src\controllers\userController.ts
FN:15,(anonymous_1)
FN:49,(anonymous_2)
FN:124,(anonymous_3)
FN:137,(anonymous_4)
FN:207,(anonymous_5)
FN:223,(anonymous_6)
FN:231,(anonymous_7)
FN:248,(anonymous_8)
FN:310,(anonymous_9)
FNF:9
FNH:7
FNDA:2,(anonymous_1)
FNDA:4,(anonymous_2)
FNDA:5,(anonymous_3)
FNDA:1,(anonymous_4)
FNDA:2,(anonymous_5)
FNDA:0,(anonymous_6)
FNDA:0,(anonymous_7)
FNDA:6,(anonymous_8)
FNDA:5,(anonymous_9)
DA:2,9
DA:3,9
DA:4,9
DA:15,9
DA:16,2
DA:17,2
DA:19,2
DA:21,2
DA:22,0
DA:25,2
DA:26,0
DA:29,2
DA:35,2
DA:40,0
DA:41,0
DA:49,9
DA:50,4
DA:51,4
DA:54,4
DA:55,1
DA:61,3
DA:62,3
DA:63,1
DA:71,2
DA:72,2
DA:73,1
DA:80,1
DA:83,1
DA:93,1
DA:94,1
DA:102,1
DA:115,0
DA:116,0
DA:124,9
DA:125,5
DA:126,5
DA:127,5
DA:129,5
DA:131,5
DA:132,1
DA:135,4
DA:137,4
DA:138,1
DA:139,1
DA:143,4
DA:144,4
DA:145,4
DA:146,4
DA:148,4
DA:149,1
DA:150,1
DA:151,1
DA:153,0
DA:154,0
DA:157,3
DA:158,1
DA:159,1
DA:160,1
DA:162,0
DA:163,0
DA:166,2
DA:167,1
DA:168,1
DA:170,0
DA:171,0
DA:174,1
DA:176,1
DA:177,1
DA:180,1
DA:188,1
DA:201,0
DA:202,0
DA:207,9
DA:208,2
DA:209,2
DA:210,1
DA:213,1
DA:214,1
DA:216,1
DA:223,1
DA:224,1
DA:228,1
DA:229,1
DA:231,1
DA:240,1
DA:242,0
DA:243,0
DA:248,9
DA:249,6
DA:250,6
DA:251,6
DA:253,6
DA:254,1
DA:256,5
DA:257,1
DA:260,4
DA:261,4
DA:263,4
DA:264,1
DA:267,3
DA:268,3
DA:269,1
DA:273,2
DA:274,1
DA:275,0
DA:277,1
DA:278,1
DA:279,1
DA:284,1
DA:285,1
DA:287,1
DA:288,1
DA:296,1
DA:301,0
DA:302,0
DA:310,9
DA:311,5
DA:312,5
DA:313,1
DA:316,4
DA:317,4
DA:319,4
DA:320,1
DA:323,3
DA:324,3
DA:325,1
DA:327,2
DA:328,1
DA:331,1
DA:333,1
DA:335,0
DA:336,0
LF:132
LH:111
BRDA:21,0,0,0
BRDA:25,1,0,0
BRDA:54,2,0,1
BRDA:54,3,0,4
BRDA:54,3,1,4
BRDA:54,3,2,3
BRDA:54,3,3,3
BRDA:62,4,0,1
BRDA:72,5,0,1
BRDA:88,6,0,1
BRDA:88,6,1,1
BRDA:89,7,0,1
BRDA:89,7,1,1
BRDA:93,8,0,1
BRDA:98,9,0,1
BRDA:98,9,1,1
BRDA:131,10,0,1
BRDA:138,11,0,1
BRDA:138,12,0,1
BRDA:138,12,1,1
BRDA:143,13,0,1
BRDA:144,14,0,0
BRDA:145,15,0,0
BRDA:146,16,0,0
BRDA:148,17,0,1
BRDA:150,18,0,1
BRDA:157,19,0,1
BRDA:159,20,0,1
BRDA:159,21,0,1
BRDA:159,21,1,1
BRDA:166,22,0,1
BRDA:166,23,0,2
BRDA:166,23,1,1
BRDA:167,24,0,1
BRDA:176,25,0,1
BRDA:176,26,0,1
BRDA:176,26,1,1
BRDA:177,27,0,0
BRDA:177,27,1,1
BRDA:177,28,0,1
BRDA:177,28,1,0
BRDA:178,29,0,0
BRDA:178,29,1,0
BRDA:209,30,0,1
BRDA:209,31,0,2
BRDA:209,31,1,2
BRDA:213,32,0,1
BRDA:213,32,1,1
BRDA:214,33,0,1
BRDA:214,33,1,1
BRDA:233,34,0,0
BRDA:233,34,1,0
BRDA:235,35,0,0
BRDA:235,35,1,0
BRDA:236,36,0,0
BRDA:236,36,1,0
BRDA:237,37,0,0
BRDA:237,37,1,0
BRDA:253,38,0,1
BRDA:256,39,0,1
BRDA:260,40,0,4
BRDA:260,40,1,4
BRDA:261,41,0,4
BRDA:261,41,1,4
BRDA:263,42,0,1
BRDA:263,43,0,4
BRDA:263,43,1,3
BRDA:268,44,0,1
BRDA:273,45,0,1
BRDA:273,46,0,2
BRDA:273,46,1,1
BRDA:274,47,0,0
BRDA:278,48,0,1
BRDA:287,49,0,1
BRDA:312,50,0,1
BRDA:312,51,0,5
BRDA:312,51,1,5
BRDA:319,52,0,1
BRDA:324,53,0,1
BRDA:327,54,0,1
BRDA:331,55,0,1
BRDA:331,55,1,1
BRDA:336,56,0,0
BRDA:336,56,1,0
BRF:84
BRH:64
end_of_record
TN:
SF:src\controllers\visitController.ts
FN:15,(anonymous_0)
FN:45,(anonymous_1)
FN:155,(anonymous_2)
FN:342,(anonymous_3)
FN:398,(anonymous_4)
FN:512,(anonymous_5)
FN:558,(anonymous_6)
FNF:7
FNH:3
FNDA:0,(anonymous_0)
FNDA:1,(anonymous_1)
FNDA:0,(anonymous_2)
FNDA:2,(anonymous_3)
FNDA:0,(anonymous_4)
FNDA:0,(anonymous_5)
FNDA:2,(anonymous_6)
DA:2,9
DA:3,9
DA:4,9
DA:15,9
DA:16,0
DA:17,0
DA:18,0
DA:19,0
DA:20,0
DA:23,0
DA:33,0
DA:34,0
DA:35,0
DA:36,0
DA:37,0
DA:40,0
DA:41,0
DA:45,9
DA:46,1
DA:55,1
DA:58,1
DA:60,1
DA:61,0
DA:64,1
DA:65,0
DA:68,1
DA:69,0
DA:72,1
DA:73,0
DA:74,0
DA:75,0
DA:77,0
DA:86,1
DA:87,0
DA:88,0
DA:97,1
DA:98,1
DA:99,1
DA:102,1
DA:133,1
DA:135,1
DA:146,0
DA:147,0
DA:155,9
DA:156,0
DA:164,0
DA:166,0
DA:167,0
DA:174,0
DA:175,0
DA:181,0
DA:183,0
DA:184,0
DA:191,0
DA:193,0
DA:194,0
DA:201,0
DA:202,0
DA:203,0
DA:204,0
DA:212,0
DA:213,0
DA:214,0
DA:221,0
DA:222,0
DA:223,0
DA:224,0
DA:232,0
DA:234,0
DA:236,0
DA:243,0
DA:244,0
DA:252,0
DA:253,0
DA:254,0
DA:255,0
DA:256,0
DA:259,0
DA:269,0
DA:272,0
DA:285,0
DA:286,0
DA:297,0
DA:328,0
DA:333,0
DA:334,0
DA:342,9
DA:343,2
DA:344,2
DA:346,2
DA:377,2
DA:378,1
DA:384,1
DA:389,0
DA:390,0
DA:398,9
DA:399,0
DA:400,0
DA:407,0
DA:409,0
DA:410,0
DA:416,0
DA:418,0
DA:419,0
DA:426,0
DA:427,0
DA:428,0
DA:429,0
DA:434,0
DA:438,0
DA:439,0
DA:440,0
DA:441,0
DA:442,0
DA:448,0
DA:452,0
DA:453,0
DA:456,0
DA:457,0
DA:460,0
DA:461,0
DA:464,0
DA:467,0
DA:498,0
DA:503,0
DA:504,0
DA:512,9
DA:513,0
DA:514,0
DA:515,0
DA:518,0
DA:526,0
DA:527,0
DA:530,0
DA:531,0
DA:532,0
DA:535,0
DA:536,0
DA:538,0
DA:545,0
DA:552,0
DA:553,0
DA:558,9
DA:559,2
DA:560,2
DA:562,2
DA:563,0
DA:569,2
DA:571,2
DA:572,1
DA:578,1
DA:579,0
DA:586,1
DA:587,1
DA:589,1
DA:599,0
DA:600,0
LF:157
LH:40
BRDA:34,0,0,0
BRDA:53,1,0,1
BRDA:54,2,0,1
BRDA:60,3,0,0
BRDA:64,4,0,0
BRDA:68,5,0,0
BRDA:72,6,0,0
BRDA:86,7,0,0
BRDA:166,8,0,0
BRDA:174,9,0,0
BRDA:183,10,0,0
BRDA:183,11,0,0
BRDA:183,11,1,0
BRDA:183,11,2,0
BRDA:191,12,0,0
BRDA:191,12,1,0
BRDA:193,13,0,0
BRDA:201,14,0,0
BRDA:203,15,0,0
BRDA:203,16,0,0
BRDA:203,16,1,0
BRDA:203,16,2,0
BRDA:203,16,3,0
BRDA:213,17,0,0
BRDA:221,18,0,0
BRDA:223,19,0,0
BRDA:234,20,0,0
BRDA:234,20,1,0
BRDA:243,21,0,0
BRDA:276,22,0,0
BRDA:276,22,1,0
BRDA:278,23,0,0
BRDA:278,23,1,0
BRDA:279,24,0,0
BRDA:279,24,1,0
BRDA:285,25,0,0
BRDA:291,26,0,0
BRDA:291,26,1,0
BRDA:377,27,0,1
BRDA:409,28,0,0
BRDA:418,29,0,0
BRDA:426,30,0,0
BRDA:428,31,0,0
BRDA:438,32,0,0
BRDA:439,33,0,0
BRDA:441,34,0,0
BRDA:452,35,0,0
BRDA:456,36,0,0
BRDA:460,37,0,0
BRDA:514,38,0,0
BRDA:526,39,0,0
BRDA:530,40,0,0
BRDA:530,40,1,0
BRDA:531,41,0,0
BRDA:562,42,0,0
BRDA:571,43,0,1
BRDA:578,44,0,0
BRF:57
BRH:4
end_of_record
TN:
SF:src\lib\mailer.ts
FN:6,getResendClient
FN:18,getSmtpTransporter
FN:43,(anonymous_3)
FN:89,getTwilioClient
FN:102,(anonymous_5)
FN:118,(anonymous_6)
FNF:6
FNH:0
FNDA:0,getResendClient
FNDA:0,getSmtpTransporter
FNDA:0,(anonymous_3)
FNDA:0,getTwilioClient
FNDA:0,(anonymous_5)
FNDA:0,(anonymous_6)
DA:1,7
DA:2,7
DA:3,7
DA:4,7
DA:7,0
DA:8,0
DA:9,0
DA:10,0
DA:11,0
DA:12,0
DA:13,0
DA:14,0
DA:15,0
DA:19,0
DA:20,0
DA:23,0
DA:24,0
DA:26,0
DA:27,0
DA:28,0
DA:29,0
DA:31,0
DA:40,0
DA:43,7
DA:48,0
DA:49,0
DA:56,0
DA:71,0
DA:72,0
DA:73,0
DA:74,0
DA:75,0
DA:79,0
DA:80,0
DA:81,0
DA:82,0
DA:86,0
DA:90,0
DA:91,0
DA:92,0
DA:93,0
DA:94,0
DA:95,0
DA:96,0
DA:97,0
DA:98,0
DA:99,0
DA:102,7
DA:107,0
DA:109,0
DA:110,0
DA:111,0
DA:112,0
DA:115,0
DA:118,7
DA:125,0
DA:126,0
DA:127,0
DA:139,0
DA:143,0
DA:167,0
DA:168,0
DA:169,0
DA:170,0
DA:171,0
DA:174,0
DA:175,0
DA:176,0
DA:177,0
DA:180,0
LF:70
LH:7
BRDA:10,0,0,0
BRDA:11,1,0,0
BRDA:11,1,1,0
BRDA:12,2,0,0
BRDA:13,3,0,0
BRDA:13,3,1,0
BRDA:24,4,0,0
BRDA:26,5,0,0
BRDA:26,5,1,0
BRDA:26,5,2,0
BRDA:27,6,0,0
BRDA:27,6,1,0
BRDA:27,6,2,0
BRDA:28,7,0,0
BRDA:28,7,1,0
BRDA:28,7,2,0
BRDA:29,8,0,0
BRDA:29,9,0,0
BRDA:29,9,1,0
BRDA:29,9,2,0
BRDA:34,10,0,0
BRDA:34,10,1,0
BRDA:34,10,2,0
BRDA:35,11,0,0
BRDA:35,11,1,0
BRDA:35,11,2,0
BRDA:38,12,0,0
BRDA:38,12,1,0
BRDA:38,12,2,0
BRDA:72,13,0,0
BRDA:74,14,0,0
BRDA:74,15,0,0
BRDA:74,15,1,0
BRDA:80,16,0,0
BRDA:93,17,0,0
BRDA:94,18,0,0
BRDA:94,18,1,0
BRDA:94,18,2,0
BRDA:95,19,0,0
BRDA:95,19,1,0
BRDA:95,19,2,0
BRDA:96,20,0,0
BRDA:96,20,1,0
BRDA:96,20,2,0
BRDA:97,21,0,0
BRDA:97,22,0,0
BRDA:97,22,1,0
BRDA:97,22,2,0
BRDA:110,23,0,0
BRDA:126,24,0,0
BRDA:126,24,1,0
BRDA:139,25,0,0
BRDA:139,25,1,0
BRDA:168,26,0,0
BRDA:170,27,0,0
BRDA:170,28,0,0
BRDA:170,28,1,0
BRDA:175,29,0,0
BRF:58
BRH:0
end_of_record
TN:
SF:src\middleware\auth.ts
FN:13,(anonymous_1)
FNF:1
FNH:1
FNDA:125,(anonymous_1)
DA:2,10
DA:3,10
DA:13,10
DA:14,125
DA:16,125
DA:17,14
DA:20,111
DA:22,111
DA:23,2
DA:26,109
DA:27,109
DA:28,108
DA:29,108
DA:31,1
LF:14
LH:14
BRDA:16,0,0,14
BRDA:16,1,0,125
BRDA:16,1,1,112
BRDA:22,2,0,2
BRF:4
BRH:4
end_of_record
TN:
SF:src\middleware\encrypt.ts
FN:4,encryptResponse
FN:14,(anonymous_2)
FNF:2
FNH:1
FNDA:146,encryptResponse
FNDA:0,(anonymous_2)
DA:2,9
DA:4,9
DA:5,146
DA:6,146
DA:8,146
DA:9,146
DA:12,0
DA:14,0
DA:15,0
DA:16,0
DA:17,0
DA:19,0
DA:20,0
DA:24,0
DA:26,0
DA:33,0
LF:16
LH:6
BRDA:6,0,0,146
BRDA:6,0,1,146
BRDA:8,1,0,146
BRDA:8,2,0,146
BRDA:8,2,1,0
BRDA:8,2,2,0
BRF:6
BRH:4
end_of_record
TN:
SF:src\middleware\permissions.ts
FN:44,(anonymous_0)
FN:45,(anonymous_1)
FN:67,(anonymous_2)
FN:68,(anonymous_3)
FNF:4
FNH:4
FNDA:8,(anonymous_0)
FNDA:8,(anonymous_1)
FNDA:4,(anonymous_2)
FNDA:4,(anonymous_3)
DA:12,1
DA:44,1
DA:45,8
DA:46,8
DA:47,1
DA:53,7
DA:55,7
DA:56,3
DA:63,4
DA:67,1
DA:68,4
DA:69,4
DA:70,1
DA:76,3
DA:77,1
DA:84,2
LF:16
LH:16
BRDA:46,0,0,1
BRDA:53,1,0,7
BRDA:53,1,1,1
BRDA:55,2,0,3
BRDA:69,3,0,1
BRDA:76,4,0,1
BRF:6
BRH:6
end_of_record
TN:
SF:src\middleware\rateLimit.ts
FN:13,(anonymous_0)
FN:15,(anonymous_1)
FN:23,(anonymous_2)
FN:33,(anonymous_3)
FN:36,(anonymous_4)
FN:82,(anonymous_5)
FN:89,(anonymous_6)
FNF:7
FNH:2
FNDA:0,(anonymous_0)
FNDA:0,(anonymous_1)
FNDA:36,(anonymous_2)
FNDA:0,(anonymous_3)
FNDA:23,(anonymous_4)
FNDA:0,(anonymous_5)
FNDA:0,(anonymous_6)
DA:10,9
DA:13,9
DA:14,0
DA:15,0
DA:16,0
DA:17,0
DA:21,9
DA:23,9
DA:33,0
DA:34,36
DA:36,36
DA:37,23
DA:39,0
DA:40,0
DA:42,0
DA:43,0
DA:47,0
DA:50,0
DA:52,0
DA:53,0
DA:55,0
DA:56,0
DA:57,0
DA:59,0
DA:60,0
DA:67,0
DA:72,9
DA:78,9
DA:82,0
DA:85,9
DA:89,0
DA:92,9
LF:32
LH:11
BRDA:16,0,0,0
BRDA:32,1,0,0
BRDA:33,2,0,18
BRDA:33,3,0,0
BRDA:33,3,1,0
BRDA:37,4,0,23
BRDA:42,5,0,0
BRDA:42,6,0,0
BRDA:42,6,1,0
BRDA:59,7,0,0
BRDA:82,8,0,0
BRDA:82,8,1,0
BRDA:82,8,2,0
BRDA:89,9,0,0
BRDA:89,9,1,0
BRDA:89,9,2,0
BRF:16
BRH:2
end_of_record
TN:
SF:src\routes\auth.ts
FNF:0
FNH:0
DA:1,9
DA:2,9
DA:3,9
DA:4,9
DA:6,9
DA:8,9
DA:9,9
DA:10,9
DA:12,9
LF:9
LH:9
BRF:0
BRH:0
end_of_record
TN:
SF:src\routes\barcode.ts
FNF:0
FNH:0
DA:1,9
DA:2,9
DA:3,9
DA:5,9
DA:7,9
DA:8,9
DA:10,9
LF:7
LH:7
BRF:0
BRH:0
end_of_record
TN:
SF:src\routes\family.ts
FNF:0
FNH:0
DA:1,9
DA:2,9
DA:3,9
DA:5,9
DA:7,9
DA:8,9
DA:9,9
DA:11,9
LF:8
LH:8
BRF:0
BRH:0
end_of_record
TN:
SF:src\routes\reports.ts
FN:12,(anonymous_0)
FNF:1
FNH:1
FNDA:1,(anonymous_0)
DA:1,9
DA:2,9
DA:3,9
DA:4,9
DA:6,9
DA:8,9
DA:9,9
DA:10,9
DA:11,9
DA:12,9
DA:13,1
DA:14,1
DA:17,9
LF:13
LH:13
BRF:0
BRH:0
end_of_record
TN:
SF:src\routes\rooms.ts
FNF:0
FNH:0
DA:1,9
DA:2,9
DA:3,9
DA:5,9
DA:7,9
DA:8,9
DA:9,9
DA:10,9
DA:11,9
DA:12,9
DA:13,9
DA:14,9
DA:16,9
LF:13
LH:13
BRF:0
BRH:0
end_of_record
TN:
SF:src\routes\settings.ts
FN:13,requireAdmin
FN:22,(anonymous_2)
FN:45,(anonymous_3)
FN:70,(anonymous_4)
FN:98,(anonymous_5)
FN:99,(anonymous_6)
FN:110,(anonymous_7)
FN:129,(anonymous_8)
FN:145,(anonymous_9)
FN:170,(anonymous_10)
FN:207,(anonymous_11)
FN:225,(anonymous_12)
FN:241,(anonymous_13)
FN:266,(anonymous_14)
FNF:14
FNH:12
FNDA:24,requireAdmin
FNDA:3,(anonymous_2)
FNDA:4,(anonymous_3)
FNDA:2,(anonymous_4)
FNDA:1,(anonymous_5)
FNDA:0,(anonymous_6)
FNDA:2,(anonymous_7)
FNDA:0,(anonymous_8)
FNDA:2,(anonymous_9)
FNDA:3,(anonymous_10)
FNDA:2,(anonymous_11)
FNDA:1,(anonymous_12)
FNDA:2,(anonymous_13)
FNDA:3,(anonymous_14)
DA:1,9
DA:2,9
DA:3,9
DA:4,9
DA:5,9
DA:6,9
DA:8,9
DA:10,9
DA:11,9
DA:14,24
DA:15,4
DA:16,4
DA:18,20
DA:22,9
DA:23,3
DA:25,2
DA:26,2
DA:27,2
DA:28,2
DA:31,2
DA:45,9
DA:46,4
DA:48,3
DA:50,3
DA:52,3
DA:53,3
DA:54,3
DA:55,3
DA:56,3
DA:58,3
DA:59,1
DA:62,3
DA:63,1
DA:66,3
DA:70,9
DA:71,2
DA:73,2
DA:74,2
DA:75,2
DA:76,3
DA:79,2
DA:80,2
DA:81,2
DA:83,2
DA:84,1
DA:87,1
DA:88,1
DA:98,1
DA:99,1
DA:102,1
DA:103,1
DA:105,0
DA:110,9
DA:111,2
DA:113,1
DA:114,1
DA:115,1
DA:116,2
DA:119,1
DA:129,9
DA:130,0
DA:132,0
DA:134,0
DA:135,0
DA:137,0
DA:138,0
DA:141,0
DA:145,9
DA:146,2
DA:148,2
DA:149,2
DA:150,2
DA:151,1
DA:154,2
DA:155,2
DA:156,1
DA:159,1
DA:160,1
DA:161,1
DA:162,1
DA:163,1
DA:165,0
DA:170,9
DA:171,3
DA:173,3
DA:174,3
DA:175,1
DA:178,2
DA:179,2
DA:180,2
DA:181,2
DA:184,2
DA:185,2
DA:187,2
DA:188,1
DA:190,1
DA:191,1
DA:192,1
DA:199,1
DA:200,1
DA:202,0
DA:207,9
DA:208,2
DA:210,1
DA:211,1
DA:212,3
DA:214,1
DA:225,9
DA:226,1
DA:228,1
DA:230,1
DA:231,1
DA:232,1
DA:233,1
DA:234,1
DA:235,0
DA:237,1
DA:241,9
DA:242,2
DA:244,2
DA:245,2
DA:246,3
DA:248,2
DA:249,2
DA:250,2
DA:252,2
DA:253,1
DA:256,1
DA:257,1
DA:258,1
DA:259,1
DA:261,0
DA:266,9
DA:267,3
DA:269,3
DA:270,3
DA:272,2
DA:273,2
DA:274,3
DA:276,2
DA:277,2
DA:278,2
DA:280,2
DA:281,1
DA:284,1
DA:285,1
DA:286,1
DA:291,1
DA:293,0
DA:297,9
LF:150
LH:137
BRDA:14,0,0,4
BRDA:23,1,0,1
BRDA:28,2,0,2
BRDA:34,3,0,2
BRDA:34,3,1,1
BRDA:35,4,0,2
BRDA:35,4,1,2
BRDA:36,5,0,2
BRDA:36,5,1,2
BRDA:37,6,0,1
BRDA:37,6,1,1
BRDA:38,7,0,2
BRDA:38,7,1,2
BRDA:39,8,0,2
BRDA:39,8,1,2
BRDA:46,9,0,1
BRDA:52,10,0,0
BRDA:53,11,0,0
BRDA:54,12,0,0
BRDA:55,13,0,0
BRDA:56,14,0,0
BRDA:56,15,0,0
BRDA:56,15,1,0
BRDA:56,16,0,0
BRDA:56,16,1,0
BRDA:58,17,0,1
BRDA:58,18,0,3
BRDA:58,18,1,2
BRDA:58,18,2,1
BRDA:71,19,0,0
BRDA:76,20,0,3
BRDA:76,21,0,3
BRDA:76,21,1,3
BRDA:79,22,0,2
BRDA:79,22,1,1
BRDA:79,22,2,1
BRDA:80,23,0,2
BRDA:80,23,1,1
BRDA:80,23,2,1
BRDA:81,24,0,2
BRDA:81,24,1,1
BRDA:81,24,2,1
BRDA:83,25,0,1
BRDA:83,26,0,2
BRDA:83,26,1,1
BRDA:83,26,2,1
BRDA:90,27,0,1
BRDA:90,27,1,1
BRDA:90,27,2,1
BRDA:91,28,0,1
BRDA:91,28,1,1
BRDA:91,28,2,1
BRDA:111,29,0,1
BRDA:116,30,0,2
BRDA:122,31,0,1
BRDA:122,31,1,0
BRDA:123,32,0,1
BRDA:123,32,1,0
BRDA:130,33,0,0
BRDA:134,34,0,0
BRDA:134,35,0,0
BRDA:134,35,1,0
BRDA:134,35,2,0
BRDA:137,36,0,0
BRDA:146,37,0,0
BRDA:151,38,0,1
BRDA:154,39,0,2
BRDA:154,39,1,1
BRDA:155,40,0,1
BRDA:162,41,0,0
BRDA:171,42,0,0
BRDA:174,43,0,1
BRDA:181,44,0,2
BRDA:184,45,0,2
BRDA:184,45,1,1
BRDA:185,46,0,2
BRDA:185,46,1,1
BRDA:187,47,0,1
BRDA:188,48,0,0
BRDA:199,49,0,0
BRDA:199,50,0,0
BRDA:199,50,1,0
BRDA:208,51,0,1
BRDA:212,52,0,3
BRDA:217,53,0,1
BRDA:217,53,1,0
BRDA:218,54,0,1
BRDA:218,54,1,0
BRDA:219,55,0,1
BRDA:219,55,1,0
BRDA:226,56,0,0
BRDA:230,57,0,1
BRDA:232,58,0,1
BRDA:234,59,0,0
BRDA:234,60,0,1
BRDA:234,60,1,0
BRDA:234,60,2,0
BRDA:242,61,0,0
BRDA:246,62,0,3
BRDA:248,63,0,2
BRDA:248,63,1,1
BRDA:248,63,2,1
BRDA:249,64,0,2
BRDA:249,64,1,1
BRDA:249,64,2,1
BRDA:250,65,0,2
BRDA:250,65,1,1
BRDA:250,65,2,1
BRDA:252,66,0,1
BRDA:252,67,0,2
BRDA:252,67,1,1
BRDA:252,67,2,1
BRDA:267,68,0,0
BRDA:270,69,0,1
BRDA:274,70,0,3
BRDA:276,71,0,2
BRDA:276,71,1,1
BRDA:276,71,2,1
BRDA:277,72,0,2
BRDA:277,72,1,1
BRDA:277,72,2,1
BRDA:278,73,0,2
BRDA:278,73,1,1
BRDA:278,73,2,1
BRDA:280,74,0,1
BRDA:280,75,0,2
BRDA:280,75,1,1
BRDA:280,75,2,1
BRF:128
BRH:94
end_of_record
TN:
SF:src\routes\stages.ts
FNF:0
FNH:0
DA:1,9
DA:2,9
DA:3,9
DA:5,9
DA:7,9
DA:8,9
DA:9,9
DA:11,9
LF:8
LH:8
BRF:0
BRH:0
end_of_record
TN:
SF:src\routes\users.ts
FNF:0
FNH:0
DA:1,9
DA:2,9
DA:3,9
DA:5,9
DA:7,9
DA:8,9
DA:9,9
DA:10,9
DA:11,9
DA:12,9
DA:14,9
LF:11
LH:11
BRF:0
BRH:0
end_of_record
TN:
SF:src\routes\visits.ts
FNF:0
FNH:0
DA:1,9
DA:2,9
DA:3,9
DA:4,9
DA:6,9
DA:9,9
DA:10,9
DA:11,9
DA:12,9
DA:13,9
DA:16,9
DA:17,9
DA:18,9
DA:20,9
LF:14
LH:14
BRF:0
BRH:0
end_of_record
